c(0, map([[#,#,#,#,#,#,#,#,#,#,#,#,#,#,#,#,#,#,#,#,#,#,#,#,#,#,#,#,#],[#,' ','.','.','.','.','.','.','.','.','.','.','.','.','.','.','.','.','.','.','.','.','.','.','.','.','.',' ',#],[#,' ','.','.','.','.','.','.','.','.','.','.','.','.','.','.','.','.','.','.','.','.','.','.','.','.','.',' ',#],[#,' ',#,' ',#,#,#,#,#,#,#,#,#,#,#,#,#,#,#,#,#,#,#,#,#,#,#,' ',#],[#,' ','.','.','.','.','.','.',' ','.','.','.','.','.','.','.','.','.','.','.','.','.','.','.','.','.','.',' ',#],[#,' ','.','.','.','.','.','.','.','.','.','.','.','.','.','.','.','.','.','.','.','.','.','.','.','.','.',' ',#],[#,' ','.','.','.','.','.','.','.','.','.','.','.','.','.','.','.','.','.','.','.','.','.','.','.','.','.',' ',#],[#,' ',#,#,#,#,#,#,#,#,#,#,#,#,#,#,#,' ',#,#,#,#,#,#,#,#,#,' ',#],[#,' ','.','.','.','.','.','.','.','.','.','.','.','.','.','.','.','.','.','.','.','.','.','.','.','.','.',' ',#],[#,' ','.','.','.','.','.','.','.','.','.','.','.','.','.','.','.','.','.','.','.','.','.','.','.','.','.',' ',#],[#,#,#,#,#,#,#,#,#,#,#,#,#,#,#,#,#,#,#,#,#,#,#,#,#,#,#,#,#]])).
c(0, cge(0,pacman,l(8,4),ap(@,normal,default,default))).
c(0, cge(2,object,l(1,7),ap(')',bold,yellow,default))).
c(0, cge(3,object,l(27,7),ap('(',bold,yellow,default))).
c(0, cge(5,mortal,l(1,7),ap(>,bold,red,default))).
c(0, cge(6,mortal,l(27,7),ap(<,bold,red,default))).
c(0, um(7,4,' ')).
c(0, me(0,7,4)).
c(0, me(2,1,8)).
c(0, me(3,27,6)).
c(1, um(7,5,' ')).
c(1, me(0,7,5)).
c(1, me(5,2,7)).
c(1, me(6,26,7)).
c(1, me(2,1,9)).
c(1, me(3,27,5)).
c(2, de(5)).
c(2, de(6)).
c(2, um(6,5,' ')).
c(2, me(0,6,5)).
c(2, me(3,27,4)).
c(3, um(6,4,' ')).
c(3, me(0,6,4)).
c(3, me(2,1,8)).
c(3, me(3,27,3)).
c(4, cge(7,mortal,l(27,3),ap(<,bold,red,default))).
c(4, me(0,6,5)).
c(4, me(2,1,7)).
c(4, me(3,27,2)).
c(5, um(6,6,' ')).
c(5, me(0,6,6)).
c(5, me(7,26,3)).
c(5, me(2,1,6)).
c(5, me(3,27,1)).
c(6, de(7)).
c(6, um(5,6,' ')).
c(6, me(0,5,6)).
c(6, me(2,1,5)).
c(7, um(5,5,' ')).
c(7, me(0,5,5)).
c(7, me(3,27,2)).
c(7, me(2,1,4)).
c(8, cge(8,mortal,l(27,2),ap(<,bold,red,default))).
c(8, um(5,4,' ')).
c(8, me(0,5,4)).
c(8, me(3,27,3)).
c(8, me(2,1,3)).
c(9, cge(9,mortal,l(1,3),ap(>,bold,red,default))).
c(9, me(0,5,5)).
c(9, me(8,26,2)).
c(9, me(3,27,4)).
c(9, me(2,1,2)).
c(10, um(4,5,' ')).
c(10, me(0,4,5)).
c(10, me(9,2,3)).
c(10, me(8,25,2)).
c(10, me(3,27,5)).
c(10, me(2,1,1)).
c(11, de(9)).
c(11, um(4,4,' ')).
c(11, me(0,4,4)).
c(11, me(8,24,2)).
c(11, me(3,27,6)).
c(12, cge(10,mortal,l(27,6),ap(<,bold,red,default))).
c(12, me(0,4,5)).
c(12, me(2,1,2)).
c(12, me(8,23,2)).
c(12, me(3,27,7)).
c(13, um(4,6,' ')).
c(13, me(0,4,6)).
c(13, me(10,26,6)).
c(13, me(2,1,3)).
c(13, me(8,22,2)).
c(13, me(3,27,8)).
c(14, um(3,6,' ')).
c(14, me(0,3,6)).
c(14, me(10,25,6)).
c(14, me(2,1,4)).
c(14, me(8,21,2)).
c(14, me(3,27,9)).
c(15, um(3,5,' ')).
c(15, me(0,3,5)).
c(15, me(10,24,6)).
c(15, me(2,1,5)).
c(15, me(8,20,2)).
c(16, cge(11,mortal,l(27,9),ap(<,bold,red,default))).
c(16, um(3,4,' ')).
c(16, me(0,3,4)).
c(16, me(3,27,8)).
c(16, me(10,23,6)).
c(16, me(2,1,6)).
c(16, me(8,19,2)).
c(17, um(2,4,' ')).
c(17, me(0,2,4)).
c(17, me(11,26,9)).
c(17, me(3,27,7)).
c(17, me(10,22,6)).
c(17, me(2,1,7)).
c(17, me(8,18,2)).
c(18, cge(12,mortal,l(1,7),ap(>,bold,red,default))).
c(18, um(2,5,' ')).
c(18, me(0,2,5)).
c(18, me(11,25,9)).
c(18, me(3,27,6)).
c(18, me(10,21,6)).
c(18, me(2,1,8)).
c(18, me(8,17,2)).
c(19, um(2,6,' ')).
c(19, me(0,2,6)).
c(19, me(12,2,7)).
c(19, me(11,24,9)).
c(19, me(3,27,5)).
c(19, me(10,20,6)).
c(19, me(2,1,9)).
c(19, me(8,16,2)).
c(20, de(12)).
c(20, cge(13,mortal,l(27,5),ap(<,bold,red,default))).
c(20, me(0,1,6)).
c(20, me(11,23,9)).
c(20, me(3,27,4)).
c(20, me(10,19,6)).
c(20, me(8,15,2)).
c(21, me(0,2,6)).
c(21, me(2,1,8)).
c(21, me(13,26,5)).
c(21, me(11,22,9)).
c(21, me(3,27,3)).
c(21, me(10,18,6)).
c(21, me(8,14,2)).
c(22, me(0,3,6)).
c(22, me(2,1,7)).
c(22, me(13,25,5)).
c(22, me(11,21,9)).
c(22, me(3,27,2)).
c(22, me(10,17,6)).
c(22, me(8,13,2)).
c(23, me(0,4,6)).
c(23, me(2,1,6)).
c(23, me(13,24,5)).
c(23, me(11,20,9)).
c(23, me(3,27,1)).
c(23, me(10,16,6)).
c(23, me(8,12,2)).
c(24, cge(14,mortal,l(27,1),ap(<,bold,red,default))).
c(24, me(0,5,6)).
c(24, me(2,1,5)).
c(24, me(13,23,5)).
c(24, me(11,19,9)).
c(24, me(10,15,6)).
c(24, me(8,11,2)).
c(25, me(0,6,6)).
c(25, me(3,27,2)).
c(25, me(14,26,1)).
c(25, me(2,1,4)).
c(25, me(13,22,5)).
c(25, me(11,18,9)).
c(25, me(10,14,6)).
c(25, me(8,10,2)).
c(26, me(0,6,5)).
c(26, me(3,27,3)).
c(26, me(14,25,1)).
c(26, me(2,1,3)).
c(26, me(13,21,5)).
c(26, me(11,17,9)).
c(26, me(10,13,6)).
c(26, me(8,9,2)).
c(27, cge(15,mortal,l(1,3),ap(>,bold,red,default))).
c(27, me(0,6,4)).
c(27, me(3,27,4)).
c(27, me(14,24,1)).
c(27, me(2,1,2)).
c(27, me(13,20,5)).
c(27, me(11,16,9)).
c(27, me(10,12,6)).
c(27, me(8,8,2)).
c(28, cge(16,mortal,l(27,4),ap(<,bold,red,default))).
c(28, me(0,6,5)).
c(28, me(15,2,3)).
c(28, me(3,27,5)).
c(28, me(14,23,1)).
c(28, me(2,1,1)).
c(28, me(13,19,5)).
c(28, me(11,15,9)).
c(28, me(10,11,6)).
c(28, me(8,7,2)).
c(29, de(15)).
c(29, me(0,6,4)).
c(29, me(16,26,4)).
c(29, me(3,27,6)).
c(29, me(14,22,1)).
c(29, me(13,18,5)).
c(29, me(11,14,9)).
c(29, me(10,10,6)).
c(29, me(8,6,2)).
c(30, me(0,6,5)).
c(30, me(2,1,2)).
c(30, me(16,25,4)).
c(30, me(3,27,7)).
c(30, me(14,21,1)).
c(30, me(13,17,5)).
c(30, me(11,13,9)).
c(30, me(10,9,6)).
c(30, me(8,5,2)).
c(31, me(0,6,4)).
c(31, me(2,1,3)).
c(31, me(16,24,4)).
c(31, me(3,27,8)).
c(31, me(14,20,1)).
c(31, me(13,16,5)).
c(31, me(11,12,9)).
c(31, me(10,8,6)).
c(31, me(8,4,2)).
c(32, cge(17,mortal,l(27,8),ap(<,bold,red,default))).
c(32, me(0,6,5)).
c(32, me(2,1,4)).
c(32, me(16,23,4)).
c(32, me(3,27,9)).
c(32, me(14,19,1)).
c(32, me(13,15,5)).
c(32, me(11,11,9)).
c(32, me(10,7,6)).
c(32, me(8,3,2)).
c(33, me(0,6,4)).
c(33, me(17,26,8)).
c(33, me(2,1,5)).
c(33, me(16,22,4)).
c(33, me(14,18,1)).
c(33, me(13,14,5)).
c(33, me(11,10,9)).
c(33, me(10,6,6)).
c(33, me(8,2,2)).
c(34, me(0,6,5)).
c(34, me(3,27,8)).
c(34, me(17,25,8)).
c(34, me(2,1,6)).
c(34, me(16,21,4)).
c(34, me(14,17,1)).
c(34, me(13,13,5)).
c(34, me(11,9,9)).
c(34, me(10,5,6)).
c(34, me(8,1,2)).
c(35, me(0,6,4)).
c(35, me(3,27,7)).
c(35, me(17,24,8)).
c(35, me(2,1,7)).
c(35, me(16,20,4)).
c(35, me(14,16,1)).
c(35, me(13,12,5)).
c(35, me(11,8,9)).
c(35, me(10,4,6)).
c(35, me(8,0,2)).
c(36, cge(18,mortal,l(27,7),ap(<,bold,red,default))).
c(36, cge(19,mortal,l(1,7),ap(>,bold,red,default))).
c(36, de(8)).
c(36, me(0,6,5)).
c(36, me(3,27,6)).
c(36, me(17,23,8)).
c(36, me(2,1,8)).
c(36, me(16,19,4)).
c(36, me(14,15,1)).
c(36, me(13,11,5)).
c(36, me(11,7,9)).
c(36, me(10,3,6)).
c(37, me(0,6,4)).
c(37, me(18,26,7)).
c(37, me(19,2,7)).
c(37, me(3,27,5)).
c(37, me(17,22,8)).
c(37, me(2,1,9)).
c(37, me(16,18,4)).
c(37, me(14,14,1)).
c(37, me(13,10,5)).
c(37, me(11,6,9)).
c(37, me(10,2,6)).
c(38, de(18)).
c(38, de(19)).
c(38, me(0,6,5)).
c(38, me(3,27,4)).
c(38, me(17,21,8)).
c(38, me(16,17,4)).
c(38, me(14,13,1)).
c(38, me(13,9,5)).
c(38, me(11,5,9)).
c(38, me(10,1,6)).
c(39, me(0,6,4)).
c(39, me(2,1,8)).
c(39, me(3,27,3)).
c(39, me(17,20,8)).
c(39, me(16,16,4)).
c(39, me(14,12,1)).
c(39, me(13,8,5)).
c(39, me(11,4,9)).
c(39, me(10,0,6)).
c(40, cge(20,mortal,l(27,3),ap(<,bold,red,default))).
c(40, de(10)).
c(40, me(0,6,5)).
c(40, me(2,1,7)).
c(40, me(3,27,2)).
c(40, me(17,19,8)).
c(40, me(16,15,4)).
c(40, me(14,11,1)).
c(40, me(13,7,5)).
c(40, me(11,3,9)).
c(41, me(0,6,4)).
c(41, me(20,26,3)).
c(41, me(2,1,6)).
c(41, me(3,27,1)).
c(41, me(17,18,8)).
c(41, me(16,14,4)).
c(41, me(14,10,1)).
c(41, me(13,6,5)).
c(41, me(11,2,9)).
c(42, de(20)).
c(42, me(0,7,4)).
c(42, me(2,1,5)).
c(42, me(17,17,8)).
c(42, me(16,13,4)).
c(42, me(14,9,1)).
c(42, me(13,5,5)).
c(42, me(11,1,9)).
c(43, me(0,8,4)).
c(43, me(3,27,2)).
c(43, me(2,1,4)).
c(43, me(17,16,8)).
c(43, me(16,12,4)).
c(43, me(14,8,1)).
c(43, me(13,4,5)).
c(43, me(11,0,9)).
c(44, cge(21,mortal,l(27,2),ap(<,bold,red,default))).
c(44, de(11)).
c(44, um(8,5,' ')).
c(44, me(0,8,5)).
c(44, me(3,27,3)).
c(44, me(2,1,3)).
c(44, me(17,15,8)).
c(44, me(16,11,4)).
c(44, me(14,7,1)).
c(44, me(13,3,5)).
c(45, cge(22,mortal,l(1,3),ap(>,bold,red,default))).
c(45, um(8,6,' ')).
c(45, me(0,8,6)).
c(45, me(21,26,2)).
c(45, me(3,27,4)).
c(45, me(2,1,2)).
c(45, me(17,14,8)).
c(45, me(16,10,4)).
c(45, me(14,6,1)).
c(45, me(13,2,5)).
c(46, um(7,6,' ')).
c(46, me(0,7,6)).
c(46, me(22,2,3)).
c(46, me(21,25,2)).
c(46, me(3,27,5)).
c(46, me(2,1,1)).
c(46, me(17,13,8)).
c(46, me(16,9,4)).
c(46, me(14,5,1)).
c(46, me(13,1,5)).
c(47, de(22)).
c(47, me(0,8,6)).
c(47, me(21,24,2)).
c(47, me(3,27,6)).
c(47, me(17,12,8)).
c(47, me(16,8,4)).
c(47, me(14,4,1)).
c(47, me(13,0,5)).
c(48, cge(23,mortal,l(27,6),ap(<,bold,red,default))).
c(48, de(13)).
c(48, me(0,8,5)).
c(48, me(2,1,2)).
c(48, me(21,23,2)).
c(48, me(3,27,7)).
c(48, me(17,11,8)).
c(48, me(16,7,4)).
c(48, me(14,3,1)).
c(49, me(0,8,6)).
c(49, me(23,26,6)).
c(49, me(2,1,3)).
c(49, me(21,22,2)).
c(49, me(3,27,8)).
c(49, me(17,10,8)).
c(49, me(16,6,4)).
c(49, me(14,2,1)).
c(50, me(0,8,5)).
c(50, me(23,25,6)).
c(50, me(2,1,4)).
c(50, me(21,21,2)).
c(50, me(3,27,9)).
c(50, me(17,9,8)).
c(50, me(16,5,4)).
c(50, me(14,1,1)).
c(51, me(0,8,6)).
c(51, me(23,24,6)).
c(51, me(2,1,5)).
c(51, me(21,20,2)).
c(51, me(17,8,8)).
c(51, me(16,4,4)).
c(51, me(14,0,1)).
c(52, cge(24,mortal,l(27,9),ap(<,bold,red,default))).
c(52, de(14)).
c(52, me(0,8,5)).
c(52, me(3,27,8)).
c(52, me(23,23,6)).
c(52, me(2,1,6)).
c(52, me(21,19,2)).
c(52, me(17,7,8)).
c(52, me(16,3,4)).
c(53, me(0,8,6)).
c(53, me(24,26,9)).
c(53, me(3,27,7)).
c(53, me(23,22,6)).
c(53, me(2,1,7)).
c(53, me(21,18,2)).
c(53, me(17,6,8)).
c(53, me(16,2,4)).
c(54, cge(25,mortal,l(1,7),ap(>,bold,red,default))).
c(54, me(0,8,5)).
c(54, me(24,25,9)).
c(54, me(3,27,6)).
c(54, me(23,21,6)).
c(54, me(2,1,8)).
c(54, me(21,17,2)).
c(54, me(17,5,8)).
c(54, me(16,1,4)).
c(55, me(0,8,6)).
c(55, me(25,2,7)).
c(55, me(24,24,9)).
c(55, me(3,27,5)).
c(55, me(23,20,6)).
c(55, me(2,1,9)).
c(55, me(21,16,2)).
c(55, me(17,4,8)).
c(55, me(16,0,4)).
c(56, de(25)).
c(56, cge(26,mortal,l(27,5),ap(<,bold,red,default))).
c(56, de(16)).
c(56, me(0,8,5)).
c(56, me(24,23,9)).
c(56, me(3,27,4)).
c(56, me(23,19,6)).
c(56, me(21,15,2)).
c(56, me(17,3,8)).
c(57, me(0,8,6)).
c(57, me(2,1,8)).
c(57, me(26,26,5)).
c(57, me(24,22,9)).
c(57, me(3,27,3)).
c(57, me(23,18,6)).
c(57, me(21,14,2)).
c(57, me(17,2,8)).
c(58, me(0,8,5)).
c(58, me(2,1,7)).
c(58, me(26,25,5)).
c(58, me(24,21,9)).
c(58, me(3,27,2)).
c(58, me(23,17,6)).
c(58, me(21,13,2)).
c(58, me(17,1,8)).
c(59, me(0,8,6)).
c(59, me(2,1,6)).
c(59, me(26,24,5)).
c(59, me(24,20,9)).
c(59, me(3,27,1)).
c(59, me(23,16,6)).
c(59, me(21,12,2)).
c(59, me(17,0,8)).
c(60, cge(27,mortal,l(27,1),ap(<,bold,red,default))).
c(60, de(17)).
c(60, me(0,8,5)).
c(60, me(2,1,5)).
c(60, me(26,23,5)).
c(60, me(24,19,9)).
c(60, me(23,15,6)).
c(60, me(21,11,2)).
c(61, me(0,8,6)).
c(61, me(3,27,2)).
c(61, me(27,26,1)).
c(61, me(2,1,4)).
c(61, me(26,22,5)).
c(61, me(24,18,9)).
c(61, me(23,14,6)).
c(61, me(21,10,2)).
c(62, me(0,8,5)).
c(62, me(3,27,3)).
c(62, me(27,25,1)).
c(62, me(2,1,3)).
c(62, me(26,21,5)).
c(62, me(24,17,9)).
c(62, me(23,13,6)).
c(62, me(21,9,2)).
c(63, cge(28,mortal,l(1,3),ap(>,bold,red,default))).
c(63, me(0,8,6)).
c(63, me(3,27,4)).
c(63, me(27,24,1)).
c(63, me(2,1,2)).
c(63, me(26,20,5)).
c(63, me(24,16,9)).
c(63, me(23,12,6)).
c(63, me(21,8,2)).
c(64, cge(29,mortal,l(27,4),ap(<,bold,red,default))).
c(64, me(0,8,5)).
c(64, me(28,2,3)).
c(64, me(3,27,5)).
c(64, me(27,23,1)).
c(64, me(2,1,1)).
c(64, me(26,19,5)).
c(64, me(24,15,9)).
c(64, me(23,11,6)).
c(64, me(21,7,2)).
c(65, de(28)).
c(65, me(0,8,6)).
c(65, me(29,26,4)).
c(65, me(3,27,6)).
c(65, me(27,22,1)).
c(65, me(26,18,5)).
c(65, me(24,14,9)).
c(65, me(23,10,6)).
c(65, me(21,6,2)).
c(66, me(0,8,5)).
c(66, me(2,1,2)).
c(66, me(29,25,4)).
c(66, me(3,27,7)).
c(66, me(27,21,1)).
c(66, me(26,17,5)).
c(66, me(24,13,9)).
c(66, me(23,9,6)).
c(66, me(21,5,2)).
c(67, um(9,5,' ')).
c(67, me(0,9,5)).
c(67, me(2,1,3)).
c(67, me(29,24,4)).
c(67, me(3,27,8)).
c(67, me(27,20,1)).
c(67, me(26,16,5)).
c(67, me(24,12,9)).
c(67, me(23,8,6)).
c(67, me(21,4,2)).
c(68, cge(30,mortal,l(27,8),ap(<,bold,red,default))).
c(68, me(0,9,5)).
c(68, me(2,1,4)).
c(68, me(29,23,4)).
c(68, me(3,27,9)).
c(68, me(27,19,1)).
c(68, me(26,15,5)).
c(68, me(24,11,9)).
c(68, me(23,7,6)).
c(68, me(21,3,2)).
c(69, um(9,4,' ')).
c(69, me(0,9,4)).
c(69, me(30,26,8)).
c(69, me(2,1,5)).
c(69, me(29,22,4)).
c(69, me(27,18,1)).
c(69, me(26,14,5)).
c(69, me(24,10,9)).
c(69, me(23,6,6)).
c(69, me(21,2,2)).
c(70, um(10,4,' ')).
c(70, me(0,10,4)).
c(70, me(3,27,8)).
c(70, me(30,25,8)).
c(70, me(2,1,6)).
c(70, me(29,21,4)).
c(70, me(27,17,1)).
c(70, me(26,13,5)).
c(70, me(24,9,9)).
c(70, me(23,5,6)).
c(70, me(21,1,2)).
c(71, um(10,5,' ')).
c(71, me(0,10,5)).
c(71, me(3,27,7)).
c(71, me(30,24,8)).
c(71, me(2,1,7)).
c(71, me(29,20,4)).
c(71, me(27,16,1)).
c(71, me(26,12,5)).
c(71, me(24,8,9)).
c(71, me(23,4,6)).
c(71, me(21,0,2)).
c(72, cge(31,mortal,l(27,7),ap(<,bold,red,default))).
c(72, cge(32,mortal,l(1,7),ap(>,bold,red,default))).
c(72, de(21)).
c(72, um(10,6,' ')).
c(72, me(0,10,6)).
c(72, me(3,27,6)).
c(72, me(30,23,8)).
c(72, me(2,1,8)).
c(72, me(29,19,4)).
c(72, me(27,15,1)).
c(72, me(26,11,5)).
c(72, me(24,7,9)).
c(72, me(23,3,6)).
c(73, me(0,10,6)).
c(73, me(31,26,7)).
c(73, me(32,2,7)).
c(73, me(3,27,5)).
c(73, me(30,22,8)).
c(73, me(2,1,9)).
c(73, me(29,18,4)).
c(73, me(27,14,1)).
c(73, me(26,10,5)).
c(73, me(24,6,9)).
c(73, me(23,2,6)).
c(74, de(31)).
c(74, de(32)).
c(74, um(9,6,' ')).
c(74, me(0,9,6)).
c(74, me(3,27,4)).
c(74, me(30,21,8)).
c(74, me(29,17,4)).
c(74, me(27,13,1)).
c(74, me(26,9,5)).
c(74, me(24,5,9)).
c(74, me(23,1,6)).
c(75, me(0,10,6)).
c(75, me(2,1,8)).
c(75, me(3,27,3)).
c(75, me(30,20,8)).
c(75, me(29,16,4)).
c(75, me(27,12,1)).
c(75, me(26,8,5)).
c(75, me(24,4,9)).
c(75, me(23,0,6)).
c(76, cge(33,mortal,l(27,3),ap(<,bold,red,default))).
c(76, de(23)).
c(76, me(0,10,5)).
c(76, me(2,1,7)).
c(76, me(3,27,2)).
c(76, me(30,19,8)).
c(76, me(29,15,4)).
c(76, me(27,11,1)).
c(76, me(26,7,5)).
c(76, me(24,3,9)).
c(77, me(0,10,6)).
c(77, me(33,26,3)).
c(77, me(2,1,6)).
c(77, me(3,27,1)).
c(77, me(30,18,8)).
c(77, me(29,14,4)).
c(77, me(27,10,1)).
c(77, me(26,6,5)).
c(77, me(24,2,9)).
c(78, de(33)).
c(78, me(0,10,5)).
c(78, me(2,1,5)).
c(78, me(30,17,8)).
c(78, me(29,13,4)).
c(78, me(27,9,1)).
c(78, me(26,5,5)).
c(78, me(24,1,9)).
c(79, me(0,10,6)).
c(79, me(3,27,2)).
c(79, me(2,1,4)).
c(79, me(30,16,8)).
c(79, me(29,12,4)).
c(79, me(27,8,1)).
c(79, me(26,4,5)).
c(79, me(24,0,9)).
c(80, cge(34,mortal,l(27,2),ap(<,bold,red,default))).
c(80, de(24)).
c(80, me(0,10,5)).
c(80, me(3,27,3)).
c(80, me(2,1,3)).
c(80, me(30,15,8)).
c(80, me(29,11,4)).
c(80, me(27,7,1)).
c(80, me(26,3,5)).
c(81, cge(35,mortal,l(1,3),ap(>,bold,red,default))).
c(81, me(0,10,6)).
c(81, me(34,26,2)).
c(81, me(3,27,4)).
c(81, me(2,1,2)).
c(81, me(30,14,8)).
c(81, me(29,10,4)).
c(81, me(27,6,1)).
c(81, me(26,2,5)).
c(82, me(0,10,5)).
c(82, me(35,2,3)).
c(82, me(34,25,2)).
c(82, me(3,27,5)).
c(82, me(2,1,1)).
c(82, me(30,13,8)).
c(82, me(29,9,4)).
c(82, me(27,5,1)).
c(82, me(26,1,5)).
c(83, de(35)).
c(83, me(0,10,6)).
c(83, me(34,24,2)).
c(83, me(3,27,6)).
c(83, me(30,12,8)).
c(83, me(29,8,4)).
c(83, me(27,4,1)).
c(83, me(26,0,5)).
c(84, cge(36,mortal,l(27,6),ap(<,bold,red,default))).
c(84, de(26)).
c(84, me(0,10,5)).
c(84, me(2,1,2)).
c(84, me(34,23,2)).
c(84, me(3,27,7)).
c(84, me(30,11,8)).
c(84, me(29,7,4)).
c(84, me(27,3,1)).
c(85, me(0,10,6)).
c(85, me(36,26,6)).
c(85, me(2,1,3)).
c(85, me(34,22,2)).
c(85, me(3,27,8)).
c(85, me(30,10,8)).
c(85, me(29,6,4)).
c(85, me(27,2,1)).
c(86, me(0,10,5)).
c(86, me(36,25,6)).
c(86, me(2,1,4)).
c(86, me(34,21,2)).
c(86, me(3,27,9)).
c(86, me(30,9,8)).
c(86, me(29,5,4)).
c(86, me(27,1,1)).
c(87, me(0,10,6)).
c(87, me(36,24,6)).
c(87, me(2,1,5)).
c(87, me(34,20,2)).
c(87, me(30,8,8)).
c(87, me(29,4,4)).
c(87, me(27,0,1)).
c(88, cge(37,mortal,l(27,9),ap(<,bold,red,default))).
c(88, de(27)).
c(88, me(0,10,5)).
c(88, me(3,27,8)).
c(88, me(36,23,6)).
c(88, me(2,1,6)).
c(88, me(34,19,2)).
c(88, me(30,7,8)).
c(88, me(29,3,4)).
c(89, me(0,10,6)).
c(89, me(37,26,9)).
c(89, me(3,27,7)).
c(89, me(36,22,6)).
c(89, me(2,1,7)).
c(89, me(34,18,2)).
c(89, me(30,6,8)).
c(89, me(29,2,4)).
c(90, cge(38,mortal,l(1,7),ap(>,bold,red,default))).
c(90, me(0,10,5)).
c(90, me(37,25,9)).
c(90, me(3,27,6)).
c(90, me(36,21,6)).
c(90, me(2,1,8)).
c(90, me(34,17,2)).
c(90, me(30,5,8)).
c(90, me(29,1,4)).
c(91, me(0,10,6)).
c(91, me(38,2,7)).
c(91, me(37,24,9)).
c(91, me(3,27,5)).
c(91, me(36,20,6)).
c(91, me(2,1,9)).
c(91, me(34,16,2)).
c(91, me(30,4,8)).
c(91, me(29,0,4)).
c(92, de(38)).
c(92, cge(39,mortal,l(27,5),ap(<,bold,red,default))).
c(92, de(29)).
c(92, me(0,10,5)).
c(92, me(37,23,9)).
c(92, me(3,27,4)).
c(92, me(36,19,6)).
c(92, me(34,15,2)).
c(92, me(30,3,8)).
c(93, me(0,10,6)).
c(93, me(2,1,8)).
c(93, me(39,26,5)).
c(93, me(37,22,9)).
c(93, me(3,27,3)).
c(93, me(36,18,6)).
c(93, me(34,14,2)).
c(93, me(30,2,8)).
c(94, me(0,10,5)).
c(94, me(2,1,7)).
c(94, me(39,25,5)).
c(94, me(37,21,9)).
c(94, me(3,27,2)).
c(94, me(36,17,6)).
c(94, me(34,13,2)).
c(94, me(30,1,8)).
c(95, me(0,10,6)).
c(95, me(2,1,6)).
c(95, me(39,24,5)).
c(95, me(37,20,9)).
c(95, me(3,27,1)).
c(95, me(36,16,6)).
c(95, me(34,12,2)).
c(95, me(30,0,8)).
c(96, cge(40,mortal,l(27,1),ap(<,bold,red,default))).
c(96, de(30)).
c(96, me(0,10,5)).
c(96, me(2,1,5)).
c(96, me(39,23,5)).
c(96, me(37,19,9)).
c(96, me(36,15,6)).
c(96, me(34,11,2)).
c(97, me(0,10,6)).
c(97, me(3,27,2)).
c(97, me(40,26,1)).
c(97, me(2,1,4)).
c(97, me(39,22,5)).
c(97, me(37,18,9)).
c(97, me(36,14,6)).
c(97, me(34,10,2)).
c(98, me(0,10,5)).
c(98, me(3,27,3)).
c(98, me(40,25,1)).
c(98, me(2,1,3)).
c(98, me(39,21,5)).
c(98, me(37,17,9)).
c(98, me(36,13,6)).
c(98, me(34,9,2)).
c(99, cge(41,mortal,l(1,3),ap(>,bold,red,default))).
c(99, me(0,10,6)).
c(99, me(3,27,4)).
c(99, me(40,24,1)).
c(99, me(2,1,2)).
c(99, me(39,20,5)).
c(99, me(37,16,9)).
c(99, me(36,12,6)).
c(99, me(34,8,2)).
c(100, cge(42,mortal,l(27,4),ap(<,bold,red,default))).
c(100, me(0,10,5)).
c(100, me(41,2,3)).
c(100, me(3,27,5)).
c(100, me(40,23,1)).
c(100, me(2,1,1)).
c(100, me(39,19,5)).
c(100, me(37,15,9)).
c(100, me(36,11,6)).
c(100, me(34,7,2)).
c(101, de(41)).
c(101, um(11,5,' ')).
c(101, me(0,11,5)).
c(101, me(42,26,4)).
c(101, me(3,27,6)).
c(101, me(40,22,1)).
c(101, me(39,18,5)).
c(101, me(37,14,9)).
c(101, me(36,10,6)).
c(101, me(34,6,2)).
c(102, me(0,11,5)).
c(102, me(2,1,2)).
c(102, me(42,25,4)).
c(102, me(3,27,7)).
c(102, me(40,21,1)).
c(102, me(39,17,5)).
c(102, me(37,13,9)).
c(102, me(36,9,6)).
c(102, me(34,5,2)).
c(103, um(11,4,' ')).
c(103, me(0,11,4)).
c(103, me(2,1,3)).
c(103, me(42,24,4)).
c(103, me(3,27,8)).
c(103, me(40,20,1)).
c(103, me(39,16,5)).
c(103, me(37,12,9)).
c(103, me(36,8,6)).
c(103, me(34,4,2)).
c(104, cge(43,mortal,l(27,8),ap(<,bold,red,default))).
c(104, um(12,4,' ')).
c(104, me(0,12,4)).
c(104, me(2,1,4)).
c(104, me(42,23,4)).
c(104, me(3,27,9)).
c(104, me(40,19,1)).
c(104, me(39,15,5)).
c(104, me(37,11,9)).
c(104, me(36,7,6)).
c(104, me(34,3,2)).
c(105, um(12,5,' ')).
c(105, me(0,12,5)).
c(105, me(43,26,8)).
c(105, me(2,1,5)).
c(105, me(42,22,4)).
c(105, me(40,18,1)).
c(105, me(39,14,5)).
c(105, me(37,10,9)).
c(105, me(36,6,6)).
c(105, me(34,2,2)).
c(106, um(12,6,' ')).
c(106, me(0,12,6)).
c(106, me(3,27,8)).
c(106, me(43,25,8)).
c(106, me(2,1,6)).
c(106, me(42,21,4)).
c(106, me(40,17,1)).
c(106, me(39,13,5)).
c(106, me(37,9,9)).
c(106, me(36,5,6)).
c(106, me(34,1,2)).
c(107, me(0,12,6)).
c(107, me(3,27,7)).
c(107, me(43,24,8)).
c(107, me(2,1,7)).
c(107, me(42,20,4)).
c(107, me(40,16,1)).
c(107, me(39,12,5)).
c(107, me(37,8,9)).
c(107, me(36,4,6)).
c(107, me(34,0,2)).
c(108, cge(44,mortal,l(27,7),ap(<,bold,red,default))).
c(108, cge(45,mortal,l(1,7),ap(>,bold,red,default))).
c(108, de(34)).
c(108, um(11,6,' ')).
c(108, me(0,11,6)).
c(108, me(3,27,6)).
c(108, me(43,23,8)).
c(108, me(2,1,8)).
c(108, me(42,19,4)).
c(108, me(40,15,1)).
c(108, me(39,11,5)).
c(108, me(37,7,9)).
c(108, me(36,3,6)).
c(109, me(0,12,6)).
c(109, me(44,26,7)).
c(109, me(45,2,7)).
c(109, me(3,27,5)).
c(109, me(43,22,8)).
c(109, me(2,1,9)).
c(109, me(42,18,4)).
c(109, me(40,14,1)).
c(109, me(39,10,5)).
c(109, me(37,6,9)).
c(109, me(36,2,6)).
c(110, de(44)).
c(110, de(45)).
c(110, me(0,12,5)).
c(110, me(3,27,4)).
c(110, me(43,21,8)).
c(110, me(42,17,4)).
c(110, me(40,13,1)).
c(110, me(39,9,5)).
c(110, me(37,5,9)).
c(110, me(36,1,6)).
c(111, me(0,12,6)).
c(111, me(2,1,8)).
c(111, me(3,27,3)).
c(111, me(43,20,8)).
c(111, me(42,16,4)).
c(111, me(40,12,1)).
c(111, me(39,8,5)).
c(111, me(37,4,9)).
c(111, me(36,0,6)).
c(112, cge(46,mortal,l(27,3),ap(<,bold,red,default))).
c(112, de(36)).
c(112, me(0,12,5)).
c(112, me(2,1,7)).
c(112, me(3,27,2)).
c(112, me(43,19,8)).
c(112, me(42,15,4)).
c(112, me(40,11,1)).
c(112, me(39,7,5)).
c(112, me(37,3,9)).
c(113, me(0,12,6)).
c(113, me(46,26,3)).
c(113, me(2,1,6)).
c(113, me(3,27,1)).
c(113, me(43,18,8)).
c(113, me(42,14,4)).
c(113, me(40,10,1)).
c(113, me(39,6,5)).
c(113, me(37,2,9)).
c(114, de(46)).
c(114, me(0,12,5)).
c(114, me(2,1,5)).
c(114, me(43,17,8)).
c(114, me(42,13,4)).
c(114, me(40,9,1)).
c(114, me(39,5,5)).
c(114, me(37,1,9)).
c(115, me(0,12,6)).
c(115, me(3,27,2)).
c(115, me(2,1,4)).
c(115, me(43,16,8)).
c(115, me(42,12,4)).
c(115, me(40,8,1)).
c(115, me(39,4,5)).
c(115, me(37,0,9)).
c(116, cge(47,mortal,l(27,2),ap(<,bold,red,default))).
c(116, de(37)).
c(116, me(0,12,5)).
c(116, me(3,27,3)).
c(116, me(2,1,3)).
c(116, me(43,15,8)).
c(116, me(42,11,4)).
c(116, me(40,7,1)).
c(116, me(39,3,5)).
c(117, cge(48,mortal,l(1,3),ap(>,bold,red,default))).
c(117, me(0,12,6)).
c(117, me(47,26,2)).
c(117, me(3,27,4)).
c(117, me(2,1,2)).
c(117, me(43,14,8)).
c(117, me(42,10,4)).
c(117, me(40,6,1)).
c(117, me(39,2,5)).
c(118, me(0,12,5)).
c(118, me(48,2,3)).
c(118, me(47,25,2)).
c(118, me(3,27,5)).
c(118, me(2,1,1)).
c(118, me(43,13,8)).
c(118, me(42,9,4)).
c(118, me(40,5,1)).
c(118, me(39,1,5)).
c(119, de(48)).
c(119, me(0,12,6)).
c(119, me(47,24,2)).
c(119, me(3,27,6)).
c(119, me(43,12,8)).
c(119, me(42,8,4)).
c(119, me(40,4,1)).
c(119, me(39,0,5)).
c(120, cge(49,mortal,l(27,6),ap(<,bold,red,default))).
c(120, de(39)).
c(120, me(0,12,5)).
c(120, me(2,1,2)).
c(120, me(47,23,2)).
c(120, me(3,27,7)).
c(120, me(43,11,8)).
c(120, me(42,7,4)).
c(120, me(40,3,1)).
c(121, me(0,12,6)).
c(121, me(49,26,6)).
c(121, me(2,1,3)).
c(121, me(47,22,2)).
c(121, me(3,27,8)).
c(121, me(43,10,8)).
c(121, me(42,6,4)).
c(121, me(40,2,1)).
c(122, me(0,12,5)).
c(122, me(49,25,6)).
c(122, me(2,1,4)).
c(122, me(47,21,2)).
c(122, me(3,27,9)).
c(122, me(43,9,8)).
c(122, me(42,5,4)).
c(122, me(40,1,1)).
c(123, me(0,12,6)).
c(123, me(49,24,6)).
c(123, me(2,1,5)).
c(123, me(47,20,2)).
c(123, me(43,8,8)).
c(123, me(42,4,4)).
c(123, me(40,0,1)).
c(124, cge(50,mortal,l(27,9),ap(<,bold,red,default))).
c(124, de(40)).
c(124, me(0,12,5)).
c(124, me(3,27,8)).
c(124, me(49,23,6)).
c(124, me(2,1,6)).
c(124, me(47,19,2)).
c(124, me(43,7,8)).
c(124, me(42,3,4)).
c(125, me(0,12,6)).
c(125, me(50,26,9)).
c(125, me(3,27,7)).
c(125, me(49,22,6)).
c(125, me(2,1,7)).
c(125, me(47,18,2)).
c(125, me(43,6,8)).
c(125, me(42,2,4)).
c(126, cge(51,mortal,l(1,7),ap(>,bold,red,default))).
c(126, me(0,12,5)).
c(126, me(50,25,9)).
c(126, me(3,27,6)).
c(126, me(49,21,6)).
c(126, me(2,1,8)).
c(126, me(47,17,2)).
c(126, me(43,5,8)).
c(126, me(42,1,4)).
c(127, me(0,12,6)).
c(127, me(51,2,7)).
c(127, me(50,24,9)).
c(127, me(3,27,5)).
c(127, me(49,20,6)).
c(127, me(2,1,9)).
c(127, me(47,16,2)).
c(127, me(43,4,8)).
c(127, me(42,0,4)).
c(128, de(51)).
c(128, cge(52,mortal,l(27,5),ap(<,bold,red,default))).
c(128, de(42)).
c(128, me(0,12,5)).
c(128, me(50,23,9)).
c(128, me(3,27,4)).
c(128, me(49,19,6)).
c(128, me(47,15,2)).
c(128, me(43,3,8)).
c(129, me(0,12,6)).
c(129, me(2,1,8)).
c(129, me(52,26,5)).
c(129, me(50,22,9)).
c(129, me(3,27,3)).
c(129, me(49,18,6)).
c(129, me(47,14,2)).
c(129, me(43,2,8)).
c(130, me(0,12,5)).
c(130, me(2,1,7)).
c(130, me(52,25,5)).
c(130, me(50,21,9)).
c(130, me(3,27,2)).
c(130, me(49,17,6)).
c(130, me(47,13,2)).
c(130, me(43,1,8)).
c(131, me(0,12,6)).
c(131, me(2,1,6)).
c(131, me(52,24,5)).
c(131, me(50,20,9)).
c(131, me(3,27,1)).
c(131, me(49,16,6)).
c(131, me(47,12,2)).
c(131, me(43,0,8)).
c(132, cge(53,mortal,l(27,1),ap(<,bold,red,default))).
c(132, de(43)).
c(132, me(0,12,5)).
c(132, me(2,1,5)).
c(132, me(52,23,5)).
c(132, me(50,19,9)).
c(132, me(49,15,6)).
c(132, me(47,11,2)).
c(133, me(0,12,6)).
c(133, me(3,27,2)).
c(133, me(53,26,1)).
c(133, me(2,1,4)).
c(133, me(52,22,5)).
c(133, me(50,18,9)).
c(133, me(49,14,6)).
c(133, me(47,10,2)).
c(134, me(0,12,5)).
c(134, me(3,27,3)).
c(134, me(53,25,1)).
c(134, me(2,1,3)).
c(134, me(52,21,5)).
c(134, me(50,17,9)).
c(134, me(49,13,6)).
c(134, me(47,9,2)).
c(135, cge(54,mortal,l(1,3),ap(>,bold,red,default))).
c(135, um(13,5,' ')).
c(135, me(0,13,5)).
c(135, me(3,27,4)).
c(135, me(53,24,1)).
c(135, me(2,1,2)).
c(135, me(52,20,5)).
c(135, me(50,16,9)).
c(135, me(49,12,6)).
c(135, me(47,8,2)).
c(136, cge(55,mortal,l(27,4),ap(<,bold,red,default))).
c(136, me(0,13,5)).
c(136, me(54,2,3)).
c(136, me(3,27,5)).
c(136, me(53,23,1)).
c(136, me(2,1,1)).
c(136, me(52,19,5)).
c(136, me(50,15,9)).
c(136, me(49,11,6)).
c(136, me(47,7,2)).
c(137, de(54)).
c(137, um(13,4,' ')).
c(137, me(0,13,4)).
c(137, me(55,26,4)).
c(137, me(3,27,6)).
c(137, me(53,22,1)).
c(137, me(52,18,5)).
c(137, me(50,14,9)).
c(137, me(49,10,6)).
c(137, me(47,6,2)).
c(138, um(14,4,' ')).
c(138, me(0,14,4)).
c(138, me(2,1,2)).
c(138, me(55,25,4)).
c(138, me(3,27,7)).
c(138, me(53,21,1)).
c(138, me(52,17,5)).
c(138, me(50,13,9)).
c(138, me(49,9,6)).
c(138, me(47,5,2)).
c(139, um(14,5,' ')).
c(139, me(0,14,5)).
c(139, me(2,1,3)).
c(139, me(55,24,4)).
c(139, me(3,27,8)).
c(139, me(53,20,1)).
c(139, me(52,16,5)).
c(139, me(50,12,9)).
c(139, me(49,8,6)).
c(139, me(47,4,2)).
c(140, cge(56,mortal,l(27,8),ap(<,bold,red,default))).
c(140, um(14,6,' ')).
c(140, me(0,14,6)).
c(140, me(2,1,4)).
c(140, me(55,23,4)).
c(140, me(3,27,9)).
c(140, me(53,19,1)).
c(140, me(52,15,5)).
c(140, me(50,11,9)).
c(140, me(49,7,6)).
c(140, me(47,3,2)).
c(141, me(0,14,6)).
c(141, me(56,26,8)).
c(141, me(2,1,5)).
c(141, me(55,22,4)).
c(141, me(53,18,1)).
c(141, me(52,14,5)).
c(141, me(50,10,9)).
c(141, me(49,6,6)).
c(141, me(47,2,2)).
c(142, um(13,6,' ')).
c(142, me(0,13,6)).
c(142, me(3,27,8)).
c(142, me(56,25,8)).
c(142, me(2,1,6)).
c(142, me(55,21,4)).
c(142, me(53,17,1)).
c(142, me(52,13,5)).
c(142, me(50,9,9)).
c(142, me(49,5,6)).
c(142, me(47,1,2)).
c(143, me(0,14,6)).
c(143, me(3,27,7)).
c(143, me(56,24,8)).
c(143, me(2,1,7)).
c(143, me(55,20,4)).
c(143, me(53,16,1)).
c(143, me(52,12,5)).
c(143, me(50,8,9)).
c(143, me(49,4,6)).
c(143, me(47,0,2)).
c(144, cge(57,mortal,l(27,7),ap(<,bold,red,default))).
c(144, cge(58,mortal,l(1,7),ap(>,bold,red,default))).
c(144, de(47)).
c(144, me(0,14,5)).
c(144, me(3,27,6)).
c(144, me(56,23,8)).
c(144, me(2,1,8)).
c(144, me(55,19,4)).
c(144, me(53,15,1)).
c(144, me(52,11,5)).
c(144, me(50,7,9)).
c(144, me(49,3,6)).
c(145, me(0,14,6)).
c(145, me(57,26,7)).
c(145, me(58,2,7)).
c(145, me(3,27,5)).
c(145, me(56,22,8)).
c(145, me(2,1,9)).
c(145, me(55,18,4)).
c(145, me(53,14,1)).
c(145, me(52,10,5)).
c(145, me(50,6,9)).
c(145, me(49,2,6)).
c(146, de(57)).
c(146, de(58)).
c(146, me(0,14,5)).
c(146, me(3,27,4)).
c(146, me(56,21,8)).
c(146, me(55,17,4)).
c(146, me(53,13,1)).
c(146, me(52,9,5)).
c(146, me(50,5,9)).
c(146, me(49,1,6)).
c(147, me(0,14,6)).
c(147, me(2,1,8)).
c(147, me(3,27,3)).
c(147, me(56,20,8)).
c(147, me(55,16,4)).
c(147, me(53,12,1)).
c(147, me(52,8,5)).
c(147, me(50,4,9)).
c(147, me(49,0,6)).
c(148, cge(59,mortal,l(27,3),ap(<,bold,red,default))).
c(148, de(49)).
c(148, me(0,14,5)).
c(148, me(2,1,7)).
c(148, me(3,27,2)).
c(148, me(56,19,8)).
c(148, me(55,15,4)).
c(148, me(53,11,1)).
c(148, me(52,7,5)).
c(148, me(50,3,9)).
c(149, me(0,14,6)).
c(149, me(59,26,3)).
c(149, me(2,1,6)).
c(149, me(3,27,1)).
c(149, me(56,18,8)).
c(149, me(55,14,4)).
c(149, me(53,10,1)).
c(149, me(52,6,5)).
c(149, me(50,2,9)).
c(150, de(59)).
c(150, me(0,14,5)).
c(150, me(2,1,5)).
c(150, me(56,17,8)).
c(150, me(55,13,4)).
c(150, me(53,9,1)).
c(150, me(52,5,5)).
c(150, me(50,1,9)).
c(151, me(0,14,6)).
c(151, me(3,27,2)).
c(151, me(2,1,4)).
c(151, me(56,16,8)).
c(151, me(55,12,4)).
c(151, me(53,8,1)).
c(151, me(52,4,5)).
c(151, me(50,0,9)).
c(152, cge(60,mortal,l(27,2),ap(<,bold,red,default))).
c(152, de(50)).
c(152, me(0,14,5)).
c(152, me(3,27,3)).
c(152, me(2,1,3)).
c(152, me(56,15,8)).
c(152, me(55,11,4)).
c(152, me(53,7,1)).
c(152, me(52,3,5)).
c(153, cge(61,mortal,l(1,3),ap(>,bold,red,default))).
c(153, me(0,14,6)).
c(153, me(60,26,2)).
c(153, me(3,27,4)).
c(153, me(2,1,2)).
c(153, me(56,14,8)).
c(153, me(55,10,4)).
c(153, me(53,6,1)).
c(153, me(52,2,5)).
c(154, me(0,14,5)).
c(154, me(61,2,3)).
c(154, me(60,25,2)).
c(154, me(3,27,5)).
c(154, me(2,1,1)).
c(154, me(56,13,8)).
c(154, me(55,9,4)).
c(154, me(53,5,1)).
c(154, me(52,1,5)).
c(155, de(61)).
c(155, me(0,14,6)).
c(155, me(60,24,2)).
c(155, me(3,27,6)).
c(155, me(56,12,8)).
c(155, me(55,8,4)).
c(155, me(53,4,1)).
c(155, me(52,0,5)).
c(156, cge(62,mortal,l(27,6),ap(<,bold,red,default))).
c(156, de(52)).
c(156, me(0,14,5)).
c(156, me(2,1,2)).
c(156, me(60,23,2)).
c(156, me(3,27,7)).
c(156, me(56,11,8)).
c(156, me(55,7,4)).
c(156, me(53,3,1)).
c(157, me(0,14,6)).
c(157, me(62,26,6)).
c(157, me(2,1,3)).
c(157, me(60,22,2)).
c(157, me(3,27,8)).
c(157, me(56,10,8)).
c(157, me(55,6,4)).
c(157, me(53,2,1)).
c(158, me(0,14,5)).
c(158, me(62,25,6)).
c(158, me(2,1,4)).
c(158, me(60,21,2)).
c(158, me(3,27,9)).
c(158, me(56,9,8)).
c(158, me(55,5,4)).
c(158, me(53,1,1)).
c(159, me(0,14,6)).
c(159, me(62,24,6)).
c(159, me(2,1,5)).
c(159, me(60,20,2)).
c(159, me(56,8,8)).
c(159, me(55,4,4)).
c(159, me(53,0,1)).
c(160, cge(63,mortal,l(27,9),ap(<,bold,red,default))).
c(160, de(53)).
c(160, me(0,14,5)).
c(160, me(3,27,8)).
c(160, me(62,23,6)).
c(160, me(2,1,6)).
c(160, me(60,19,2)).
c(160, me(56,7,8)).
c(160, me(55,3,4)).
c(161, me(0,14,6)).
c(161, me(63,26,9)).
c(161, me(3,27,7)).
c(161, me(62,22,6)).
c(161, me(2,1,7)).
c(161, me(60,18,2)).
c(161, me(56,6,8)).
c(161, me(55,2,4)).
c(162, cge(64,mortal,l(1,7),ap(>,bold,red,default))).
c(162, me(0,14,5)).
c(162, me(63,25,9)).
c(162, me(3,27,6)).
c(162, me(62,21,6)).
c(162, me(2,1,8)).
c(162, me(60,17,2)).
c(162, me(56,5,8)).
c(162, me(55,1,4)).
c(163, me(0,14,6)).
c(163, me(64,2,7)).
c(163, me(63,24,9)).
c(163, me(3,27,5)).
c(163, me(62,20,6)).
c(163, me(2,1,9)).
c(163, me(60,16,2)).
c(163, me(56,4,8)).
c(163, me(55,0,4)).
c(164, de(64)).
c(164, cge(65,mortal,l(27,5),ap(<,bold,red,default))).
c(164, de(55)).
c(164, me(0,14,5)).
c(164, me(63,23,9)).
c(164, me(3,27,4)).
c(164, me(62,19,6)).
c(164, me(60,15,2)).
c(164, me(56,3,8)).
c(165, me(0,14,6)).
c(165, me(2,1,8)).
c(165, me(65,26,5)).
c(165, me(63,22,9)).
c(165, me(3,27,3)).
c(165, me(62,18,6)).
c(165, me(60,14,2)).
c(165, me(56,2,8)).
c(166, me(0,14,5)).
c(166, me(2,1,7)).
c(166, me(65,25,5)).
c(166, me(63,21,9)).
c(166, me(3,27,2)).
c(166, me(62,17,6)).
c(166, me(60,13,2)).
c(166, me(56,1,8)).
c(167, me(0,14,6)).
c(167, me(2,1,6)).
c(167, me(65,24,5)).
c(167, me(63,20,9)).
c(167, me(3,27,1)).
c(167, me(62,16,6)).
c(167, me(60,12,2)).
c(167, me(56,0,8)).
c(168, cge(66,mortal,l(27,1),ap(<,bold,red,default))).
c(168, de(56)).
c(168, me(0,14,5)).
c(168, me(2,1,5)).
c(168, me(65,23,5)).
c(168, me(63,19,9)).
c(168, me(62,15,6)).
c(168, me(60,11,2)).
c(169, um(15,5,' ')).
c(169, me(0,15,5)).
c(169, me(3,27,2)).
c(169, me(66,26,1)).
c(169, me(2,1,4)).
c(169, me(65,22,5)).
c(169, me(63,18,9)).
c(169, me(62,14,6)).
c(169, me(60,10,2)).
c(170, me(0,15,5)).
c(170, me(3,27,3)).
c(170, me(66,25,1)).
c(170, me(2,1,3)).
c(170, me(65,21,5)).
c(170, me(63,17,9)).
c(170, me(62,13,6)).
c(170, me(60,9,2)).
c(171, cge(67,mortal,l(1,3),ap(>,bold,red,default))).
c(171, um(15,4,' ')).
c(171, me(0,15,4)).
c(171, me(3,27,4)).
c(171, me(66,24,1)).
c(171, me(2,1,2)).
c(171, me(65,20,5)).
c(171, me(63,16,9)).
c(171, me(62,12,6)).
c(171, me(60,8,2)).
c(172, cge(68,mortal,l(27,4),ap(<,bold,red,default))).
c(172, um(16,4,' ')).
c(172, me(0,16,4)).
c(172, me(67,2,3)).
c(172, me(3,27,5)).
c(172, me(66,23,1)).
c(172, me(2,1,1)).
c(172, me(65,19,5)).
c(172, me(63,15,9)).
c(172, me(62,11,6)).
c(172, me(60,7,2)).
c(173, de(67)).
c(173, um(16,5,' ')).
c(173, me(0,16,5)).
c(173, me(68,26,4)).
c(173, me(3,27,6)).
c(173, me(66,22,1)).
c(173, me(65,18,5)).
c(173, me(63,14,9)).
c(173, me(62,10,6)).
c(173, me(60,6,2)).
c(174, um(16,6,' ')).
c(174, me(0,16,6)).
c(174, me(2,1,2)).
c(174, me(68,25,4)).
c(174, me(3,27,7)).
c(174, me(66,21,1)).
c(174, me(65,17,5)).
c(174, me(63,13,9)).
c(174, me(62,9,6)).
c(174, me(60,5,2)).
c(175, me(0,16,6)).
c(175, me(2,1,3)).
c(175, me(68,24,4)).
c(175, me(3,27,8)).
c(175, me(66,20,1)).
c(175, me(65,16,5)).
c(175, me(63,12,9)).
c(175, me(62,8,6)).
c(175, me(60,4,2)).
c(176, cge(69,mortal,l(27,8),ap(<,bold,red,default))).
c(176, um(15,6,' ')).
c(176, me(0,15,6)).
c(176, me(2,1,4)).
c(176, me(68,23,4)).
c(176, me(3,27,9)).
c(176, me(66,19,1)).
c(176, me(65,15,5)).
c(176, me(63,11,9)).
c(176, me(62,7,6)).
c(176, me(60,3,2)).
c(177, me(0,16,6)).
c(177, me(69,26,8)).
c(177, me(2,1,5)).
c(177, me(68,22,4)).
c(177, me(66,18,1)).
c(177, me(65,14,5)).
c(177, me(63,10,9)).
c(177, me(62,6,6)).
c(177, me(60,2,2)).
c(178, me(0,16,5)).
c(178, me(3,27,8)).
c(178, me(69,25,8)).
c(178, me(2,1,6)).
c(178, me(68,21,4)).
c(178, me(66,17,1)).
c(178, me(65,13,5)).
c(178, me(63,9,9)).
c(178, me(62,5,6)).
c(178, me(60,1,2)).
c(179, me(0,16,6)).
c(179, me(3,27,7)).
c(179, me(69,24,8)).
c(179, me(2,1,7)).
c(179, me(68,20,4)).
c(179, me(66,16,1)).
c(179, me(65,12,5)).
c(179, me(63,8,9)).
c(179, me(62,4,6)).
c(179, me(60,0,2)).
c(180, cge(70,mortal,l(27,7),ap(<,bold,red,default))).
c(180, cge(71,mortal,l(1,7),ap(>,bold,red,default))).
c(180, de(60)).
c(180, me(0,16,5)).
c(180, me(3,27,6)).
c(180, me(69,23,8)).
c(180, me(2,1,8)).
c(180, me(68,19,4)).
c(180, me(66,15,1)).
c(180, me(65,11,5)).
c(180, me(63,7,9)).
c(180, me(62,3,6)).
c(181, me(0,16,6)).
c(181, me(70,26,7)).
c(181, me(71,2,7)).
c(181, me(3,27,5)).
c(181, me(69,22,8)).
c(181, me(2,1,9)).
c(181, me(68,18,4)).
c(181, me(66,14,1)).
c(181, me(65,10,5)).
c(181, me(63,6,9)).
c(181, me(62,2,6)).
c(182, de(70)).
c(182, de(71)).
c(182, me(0,16,5)).
c(182, me(3,27,4)).
c(182, me(69,21,8)).
c(182, me(68,17,4)).
c(182, me(66,13,1)).
c(182, me(65,9,5)).
c(182, me(63,5,9)).
c(182, me(62,1,6)).
c(183, me(0,16,6)).
c(183, me(2,1,8)).
c(183, me(3,27,3)).
c(183, me(69,20,8)).
c(183, me(68,16,4)).
c(183, me(66,12,1)).
c(183, me(65,8,5)).
c(183, me(63,4,9)).
c(183, me(62,0,6)).
c(184, cge(72,mortal,l(27,3),ap(<,bold,red,default))).
c(184, de(62)).
c(184, me(0,16,5)).
c(184, me(2,1,7)).
c(184, me(3,27,2)).
c(184, me(69,19,8)).
c(184, me(68,15,4)).
c(184, me(66,11,1)).
c(184, me(65,7,5)).
c(184, me(63,3,9)).
c(185, me(0,16,6)).
c(185, me(72,26,3)).
c(185, me(2,1,6)).
c(185, me(3,27,1)).
c(185, me(69,18,8)).
c(185, me(68,14,4)).
c(185, me(66,10,1)).
c(185, me(65,6,5)).
c(185, me(63,2,9)).
c(186, de(72)).
c(186, me(0,16,5)).
c(186, me(2,1,5)).
c(186, me(69,17,8)).
c(186, me(68,13,4)).
c(186, me(66,9,1)).
c(186, me(65,5,5)).
c(186, me(63,1,9)).
c(187, me(0,16,6)).
c(187, me(3,27,2)).
c(187, me(2,1,4)).
c(187, me(69,16,8)).
c(187, me(68,12,4)).
c(187, me(66,8,1)).
c(187, me(65,4,5)).
c(187, me(63,0,9)).
c(188, cge(73,mortal,l(27,2),ap(<,bold,red,default))).
c(188, de(63)).
c(188, me(0,16,5)).
c(188, me(3,27,3)).
c(188, me(2,1,3)).
c(188, me(69,15,8)).
c(188, me(68,11,4)).
c(188, me(66,7,1)).
c(188, me(65,3,5)).
c(189, cge(74,mortal,l(1,3),ap(>,bold,red,default))).
c(189, me(0,16,6)).
c(189, me(73,26,2)).
c(189, me(3,27,4)).
c(189, me(2,1,2)).
c(189, me(69,14,8)).
c(189, me(68,10,4)).
c(189, me(66,6,1)).
c(189, me(65,2,5)).
c(190, me(0,16,5)).
c(190, me(74,2,3)).
c(190, me(73,25,2)).
c(190, me(3,27,5)).
c(190, me(2,1,1)).
c(190, me(69,13,8)).
c(190, me(68,9,4)).
c(190, me(66,5,1)).
c(190, me(65,1,5)).
c(191, de(74)).
c(191, me(0,16,6)).
c(191, me(73,24,2)).
c(191, me(3,27,6)).
c(191, me(69,12,8)).
c(191, me(68,8,4)).
c(191, me(66,4,1)).
c(191, me(65,0,5)).
c(192, cge(75,mortal,l(27,6),ap(<,bold,red,default))).
c(192, de(65)).
c(192, me(0,16,5)).
c(192, me(2,1,2)).
c(192, me(73,23,2)).
c(192, me(3,27,7)).
c(192, me(69,11,8)).
c(192, me(68,7,4)).
c(192, me(66,3,1)).
c(193, me(0,16,6)).
c(193, me(75,26,6)).
c(193, me(2,1,3)).
c(193, me(73,22,2)).
c(193, me(3,27,8)).
c(193, me(69,10,8)).
c(193, me(68,6,4)).
c(193, me(66,2,1)).
c(194, me(0,16,5)).
c(194, me(75,25,6)).
c(194, me(2,1,4)).
c(194, me(73,21,2)).
c(194, me(3,27,9)).
c(194, me(69,9,8)).
c(194, me(68,5,4)).
c(194, me(66,1,1)).
c(195, me(0,16,6)).
c(195, me(75,24,6)).
c(195, me(2,1,5)).
c(195, me(73,20,2)).
c(195, me(69,8,8)).
c(195, me(68,4,4)).
c(195, me(66,0,1)).
c(196, cge(76,mortal,l(27,9),ap(<,bold,red,default))).
c(196, de(66)).
c(196, me(0,16,5)).
c(196, me(3,27,8)).
c(196, me(75,23,6)).
c(196, me(2,1,6)).
c(196, me(73,19,2)).
c(196, me(69,7,8)).
c(196, me(68,3,4)).
c(197, me(0,16,6)).
c(197, me(76,26,9)).
c(197, me(3,27,7)).
c(197, me(75,22,6)).
c(197, me(2,1,7)).
c(197, me(73,18,2)).
c(197, me(69,6,8)).
c(197, me(68,2,4)).
c(198, cge(77,mortal,l(1,7),ap(>,bold,red,default))).
c(198, me(0,16,5)).
c(198, me(76,25,9)).
c(198, me(3,27,6)).
c(198, me(75,21,6)).
c(198, me(2,1,8)).
c(198, me(73,17,2)).
c(198, me(69,5,8)).
c(198, me(68,1,4)).
c(199, me(0,16,6)).
c(199, me(77,2,7)).
c(199, me(76,24,9)).
c(199, me(3,27,5)).
c(199, me(75,20,6)).
c(199, me(2,1,9)).
c(199, me(73,16,2)).
c(199, me(69,4,8)).
c(199, me(68,0,4)).
c(200, de(77)).
c(200, cge(78,mortal,l(27,5),ap(<,bold,red,default))).
c(200, de(68)).
c(200, me(0,16,5)).
c(200, me(76,23,9)).
c(200, me(3,27,4)).
c(200, me(75,19,6)).
c(200, me(73,15,2)).
c(200, me(69,3,8)).
c(201, me(0,16,6)).
c(201, me(2,1,8)).
c(201, me(78,26,5)).
c(201, me(76,22,9)).
c(201, me(3,27,3)).
c(201, me(75,18,6)).
c(201, me(73,14,2)).
c(201, me(69,2,8)).
c(202, me(0,16,5)).
c(202, me(2,1,7)).
c(202, me(78,25,5)).
c(202, me(76,21,9)).
c(202, me(3,27,2)).
c(202, me(75,17,6)).
c(202, me(73,13,2)).
c(202, me(69,1,8)).
c(203, um(17,5,' ')).
c(203, me(0,17,5)).
c(203, me(2,1,6)).
c(203, me(78,24,5)).
c(203, me(76,20,9)).
c(203, me(3,27,1)).
c(203, me(75,16,6)).
c(203, me(73,12,2)).
c(203, me(69,0,8)).
c(204, cge(79,mortal,l(27,1),ap(<,bold,red,default))).
c(204, de(69)).
c(204, me(0,17,5)).
c(204, me(2,1,5)).
c(204, me(78,23,5)).
c(204, me(76,19,9)).
c(204, me(75,15,6)).
c(204, me(73,11,2)).
c(205, um(17,4,' ')).
c(205, me(0,17,4)).
c(205, me(3,27,2)).
c(205, me(79,26,1)).
c(205, me(2,1,4)).
c(205, me(78,22,5)).
c(205, me(76,18,9)).
c(205, me(75,14,6)).
c(205, me(73,10,2)).
c(206, um(18,4,' ')).
c(206, me(0,18,4)).
c(206, me(3,27,3)).
c(206, me(79,25,1)).
c(206, me(2,1,3)).
c(206, me(78,21,5)).
c(206, me(76,17,9)).
c(206, me(75,13,6)).
c(206, me(73,9,2)).
c(207, cge(80,mortal,l(1,3),ap(>,bold,red,default))).
c(207, um(18,5,' ')).
c(207, me(0,18,5)).
c(207, me(3,27,4)).
c(207, me(79,24,1)).
c(207, me(2,1,2)).
c(207, me(78,20,5)).
c(207, me(76,16,9)).
c(207, me(75,12,6)).
c(207, me(73,8,2)).
c(208, cge(81,mortal,l(27,4),ap(<,bold,red,default))).
c(208, um(18,6,' ')).
c(208, me(0,18,6)).
c(208, me(80,2,3)).
c(208, me(3,27,5)).
c(208, me(79,23,1)).
c(208, me(2,1,1)).
c(208, me(78,19,5)).
c(208, me(76,15,9)).
c(208, me(75,11,6)).
c(208, me(73,7,2)).
c(209, de(80)).
c(209, me(0,18,6)).
c(209, me(81,26,4)).
c(209, me(3,27,6)).
c(209, me(79,22,1)).
c(209, me(78,18,5)).
c(209, me(76,14,9)).
c(209, me(75,10,6)).
c(209, me(73,6,2)).
c(210, um(17,6,' ')).
c(210, me(0,17,6)).
c(210, me(2,1,2)).
c(210, me(81,25,4)).
c(210, me(3,27,7)).
c(210, me(79,21,1)).
c(210, me(78,17,5)).
c(210, me(76,13,9)).
c(210, me(75,9,6)).
c(210, me(73,5,2)).
c(211, me(0,18,6)).
c(211, me(2,1,3)).
c(211, me(81,24,4)).
c(211, me(3,27,8)).
c(211, me(79,20,1)).
c(211, me(78,16,5)).
c(211, me(76,12,9)).
c(211, me(75,8,6)).
c(211, me(73,4,2)).
c(212, cge(82,mortal,l(27,8),ap(<,bold,red,default))).
c(212, me(0,18,5)).
c(212, me(2,1,4)).
c(212, me(81,23,4)).
c(212, me(3,27,9)).
c(212, me(79,19,1)).
c(212, me(78,15,5)).
c(212, me(76,11,9)).
c(212, me(75,7,6)).
c(212, me(73,3,2)).
c(213, me(0,18,6)).
c(213, me(82,26,8)).
c(213, me(2,1,5)).
c(213, me(81,22,4)).
c(213, me(79,18,1)).
c(213, me(78,14,5)).
c(213, me(76,10,9)).
c(213, me(75,6,6)).
c(213, me(73,2,2)).
c(214, me(0,18,5)).
c(214, me(3,27,8)).
c(214, me(82,25,8)).
c(214, me(2,1,6)).
c(214, me(81,21,4)).
c(214, me(79,17,1)).
c(214, me(78,13,5)).
c(214, me(76,9,9)).
c(214, me(75,5,6)).
c(214, me(73,1,2)).
c(215, me(0,18,6)).
c(215, me(3,27,7)).
c(215, me(82,24,8)).
c(215, me(2,1,7)).
c(215, me(81,20,4)).
c(215, me(79,16,1)).
c(215, me(78,12,5)).
c(215, me(76,8,9)).
c(215, me(75,4,6)).
c(215, me(73,0,2)).
c(216, cge(83,mortal,l(27,7),ap(<,bold,red,default))).
c(216, cge(84,mortal,l(1,7),ap(>,bold,red,default))).
c(216, de(73)).
c(216, me(0,18,5)).
c(216, me(3,27,6)).
c(216, me(82,23,8)).
c(216, me(2,1,8)).
c(216, me(81,19,4)).
c(216, me(79,15,1)).
c(216, me(78,11,5)).
c(216, me(76,7,9)).
c(216, me(75,3,6)).
c(217, me(0,18,6)).
c(217, me(83,26,7)).
c(217, me(84,2,7)).
c(217, me(3,27,5)).
c(217, me(82,22,8)).
c(217, me(2,1,9)).
c(217, me(81,18,4)).
c(217, me(79,14,1)).
c(217, me(78,10,5)).
c(217, me(76,6,9)).
c(217, me(75,2,6)).
c(218, de(83)).
c(218, de(84)).
c(218, me(0,18,5)).
c(218, me(3,27,4)).
c(218, me(82,21,8)).
c(218, me(81,17,4)).
c(218, me(79,13,1)).
c(218, me(78,9,5)).
c(218, me(76,5,9)).
c(218, me(75,1,6)).
c(219, me(0,18,6)).
c(219, me(2,1,8)).
c(219, me(3,27,3)).
c(219, me(82,20,8)).
c(219, me(81,16,4)).
c(219, me(79,12,1)).
c(219, me(78,8,5)).
c(219, me(76,4,9)).
c(219, me(75,0,6)).
c(220, cge(85,mortal,l(27,3),ap(<,bold,red,default))).
c(220, de(75)).
c(220, me(0,18,5)).
c(220, me(2,1,7)).
c(220, me(3,27,2)).
c(220, me(82,19,8)).
c(220, me(81,15,4)).
c(220, me(79,11,1)).
c(220, me(78,7,5)).
c(220, me(76,3,9)).
c(221, me(0,18,6)).
c(221, me(85,26,3)).
c(221, me(2,1,6)).
c(221, me(3,27,1)).
c(221, me(82,18,8)).
c(221, me(81,14,4)).
c(221, me(79,10,1)).
c(221, me(78,6,5)).
c(221, me(76,2,9)).
c(222, de(85)).
c(222, me(0,18,5)).
c(222, me(2,1,5)).
c(222, me(82,17,8)).
c(222, me(81,13,4)).
c(222, me(79,9,1)).
c(222, me(78,5,5)).
c(222, me(76,1,9)).
c(223, me(0,18,6)).
c(223, me(3,27,2)).
c(223, me(2,1,4)).
c(223, me(82,16,8)).
c(223, me(81,12,4)).
c(223, me(79,8,1)).
c(223, me(78,4,5)).
c(223, me(76,0,9)).
c(224, cge(86,mortal,l(27,2),ap(<,bold,red,default))).
c(224, de(76)).
c(224, me(0,18,5)).
c(224, me(3,27,3)).
c(224, me(2,1,3)).
c(224, me(82,15,8)).
c(224, me(81,11,4)).
c(224, me(79,7,1)).
c(224, me(78,3,5)).
c(225, cge(87,mortal,l(1,3),ap(>,bold,red,default))).
c(225, me(0,18,6)).
c(225, me(86,26,2)).
c(225, me(3,27,4)).
c(225, me(2,1,2)).
c(225, me(82,14,8)).
c(225, me(81,10,4)).
c(225, me(79,6,1)).
c(225, me(78,2,5)).
c(226, me(0,18,5)).
c(226, me(87,2,3)).
c(226, me(86,25,2)).
c(226, me(3,27,5)).
c(226, me(2,1,1)).
c(226, me(82,13,8)).
c(226, me(81,9,4)).
c(226, me(79,5,1)).
c(226, me(78,1,5)).
c(227, de(87)).
c(227, me(0,18,6)).
c(227, me(86,24,2)).
c(227, me(3,27,6)).
c(227, me(82,12,8)).
c(227, me(81,8,4)).
c(227, me(79,4,1)).
c(227, me(78,0,5)).
c(228, cge(88,mortal,l(27,6),ap(<,bold,red,default))).
c(228, de(78)).
c(228, me(0,18,5)).
c(228, me(2,1,2)).
c(228, me(86,23,2)).
c(228, me(3,27,7)).
c(228, me(82,11,8)).
c(228, me(81,7,4)).
c(228, me(79,3,1)).
c(229, me(0,18,6)).
c(229, me(88,26,6)).
c(229, me(2,1,3)).
c(229, me(86,22,2)).
c(229, me(3,27,8)).
c(229, me(82,10,8)).
c(229, me(81,6,4)).
c(229, me(79,2,1)).
c(230, me(0,18,5)).
c(230, me(88,25,6)).
c(230, me(2,1,4)).
c(230, me(86,21,2)).
c(230, me(3,27,9)).
c(230, me(82,9,8)).
c(230, me(81,5,4)).
c(230, me(79,1,1)).
c(231, me(0,18,6)).
c(231, me(88,24,6)).
c(231, me(2,1,5)).
c(231, me(86,20,2)).
c(231, me(82,8,8)).
c(231, me(81,4,4)).
c(231, me(79,0,1)).
c(232, cge(89,mortal,l(27,9),ap(<,bold,red,default))).
c(232, de(79)).
c(232, me(0,18,5)).
c(232, me(3,27,8)).
c(232, me(88,23,6)).
c(232, me(2,1,6)).
c(232, me(86,19,2)).
c(232, me(82,7,8)).
c(232, me(81,3,4)).
c(233, me(0,18,6)).
c(233, me(89,26,9)).
c(233, me(3,27,7)).
c(233, me(88,22,6)).
c(233, me(2,1,7)).
c(233, me(86,18,2)).
c(233, me(82,6,8)).
c(233, me(81,2,4)).
c(234, cge(90,mortal,l(1,7),ap(>,bold,red,default))).
c(234, me(0,18,5)).
c(234, me(89,25,9)).
c(234, me(3,27,6)).
c(234, me(88,21,6)).
c(234, me(2,1,8)).
c(234, me(86,17,2)).
c(234, me(82,5,8)).
c(234, me(81,1,4)).
c(235, me(0,18,6)).
c(235, me(90,2,7)).
c(235, me(89,24,9)).
c(235, me(3,27,5)).
c(235, me(88,20,6)).
c(235, me(2,1,9)).
c(235, me(86,16,2)).
c(235, me(82,4,8)).
c(235, me(81,0,4)).
c(236, de(90)).
c(236, cge(91,mortal,l(27,5),ap(<,bold,red,default))).
c(236, de(81)).
c(236, me(0,18,5)).
c(236, me(89,23,9)).
c(236, me(3,27,4)).
c(236, me(88,19,6)).
c(236, me(86,15,2)).
c(236, me(82,3,8)).
c(237, um(19,5,' ')).
c(237, me(0,19,5)).
c(237, me(2,1,8)).
c(237, me(91,26,5)).
c(237, me(89,22,9)).
c(237, me(3,27,3)).
c(237, me(88,18,6)).
c(237, me(86,14,2)).
c(237, me(82,2,8)).
c(238, me(0,19,5)).
c(238, me(2,1,7)).
c(238, me(91,25,5)).
c(238, me(89,21,9)).
c(238, me(3,27,2)).
c(238, me(88,17,6)).
c(238, me(86,13,2)).
c(238, me(82,1,8)).
c(239, um(19,4,' ')).
c(239, me(0,19,4)).
c(239, me(2,1,6)).
c(239, me(91,24,5)).
c(239, me(89,20,9)).
c(239, me(3,27,1)).
c(239, me(88,16,6)).
c(239, me(86,12,2)).
c(239, me(82,0,8)).
c(240, cge(92,mortal,l(27,1),ap(<,bold,red,default))).
c(240, de(82)).
c(240, um(20,4,' ')).
c(240, me(0,20,4)).
c(240, me(2,1,5)).
c(240, me(91,23,5)).
c(240, me(89,19,9)).
c(240, me(88,15,6)).
c(240, me(86,11,2)).
c(241, um(20,5,' ')).
c(241, me(0,20,5)).
c(241, me(3,27,2)).
c(241, me(92,26,1)).
c(241, me(2,1,4)).
c(241, me(91,22,5)).
c(241, me(89,18,9)).
c(241, me(88,14,6)).
c(241, me(86,10,2)).
c(242, um(20,6,' ')).
c(242, me(0,20,6)).
c(242, me(3,27,3)).
c(242, me(92,25,1)).
c(242, me(2,1,3)).
c(242, me(91,21,5)).
c(242, me(89,17,9)).
c(242, me(88,13,6)).
c(242, me(86,9,2)).
c(243, cge(93,mortal,l(1,3),ap(>,bold,red,default))).
c(243, me(0,20,6)).
c(243, me(3,27,4)).
c(243, me(92,24,1)).
c(243, me(2,1,2)).
c(243, me(91,20,5)).
c(243, me(89,16,9)).
c(243, me(88,12,6)).
c(243, me(86,8,2)).
c(244, cge(94,mortal,l(27,4),ap(<,bold,red,default))).
c(244, um(19,6,' ')).
c(244, me(0,19,6)).
c(244, me(93,2,3)).
c(244, me(3,27,5)).
c(244, me(92,23,1)).
c(244, me(2,1,1)).
c(244, me(91,19,5)).
c(244, me(89,15,9)).
c(244, me(88,11,6)).
c(244, me(86,7,2)).
c(245, de(93)).
c(245, me(0,20,6)).
c(245, me(94,26,4)).
c(245, me(3,27,6)).
c(245, me(92,22,1)).
c(245, me(91,18,5)).
c(245, me(89,14,9)).
c(245, me(88,10,6)).
c(245, me(86,6,2)).
c(246, me(0,20,5)).
c(246, me(2,1,2)).
c(246, me(94,25,4)).
c(246, me(3,27,7)).
c(246, me(92,21,1)).
c(246, me(91,17,5)).
c(246, me(89,13,9)).
c(246, me(88,9,6)).
c(246, me(86,5,2)).
c(247, me(0,20,6)).
c(247, me(2,1,3)).
c(247, me(94,24,4)).
c(247, me(3,27,8)).
c(247, me(92,20,1)).
c(247, me(91,16,5)).
c(247, me(89,12,9)).
c(247, me(88,8,6)).
c(247, me(86,4,2)).
c(248, cge(95,mortal,l(27,8),ap(<,bold,red,default))).
c(248, me(0,20,5)).
c(248, me(2,1,4)).
c(248, me(94,23,4)).
c(248, me(3,27,9)).
c(248, me(92,19,1)).
c(248, me(91,15,5)).
c(248, me(89,11,9)).
c(248, me(88,7,6)).
c(248, me(86,3,2)).
c(249, me(0,20,6)).
c(249, me(95,26,8)).
c(249, me(2,1,5)).
c(249, me(94,22,4)).
c(249, me(92,18,1)).
c(249, me(91,14,5)).
c(249, me(89,10,9)).
c(249, me(88,6,6)).
c(249, me(86,2,2)).
c(250, me(0,20,5)).
c(250, me(3,27,8)).
c(250, me(95,25,8)).
c(250, me(2,1,6)).
c(250, me(94,21,4)).
c(250, me(92,17,1)).
c(250, me(91,13,5)).
c(250, me(89,9,9)).
c(250, me(88,5,6)).
c(250, me(86,1,2)).
c(251, me(0,20,6)).
c(251, me(3,27,7)).
c(251, me(95,24,8)).
c(251, me(2,1,7)).
c(251, me(94,20,4)).
c(251, me(92,16,1)).
c(251, me(91,12,5)).
c(251, me(89,8,9)).
c(251, me(88,4,6)).
c(251, me(86,0,2)).
c(252, cge(96,mortal,l(27,7),ap(<,bold,red,default))).
c(252, cge(97,mortal,l(1,7),ap(>,bold,red,default))).
c(252, de(86)).
c(252, me(0,20,5)).
c(252, me(3,27,6)).
c(252, me(95,23,8)).
c(252, me(2,1,8)).
c(252, me(94,19,4)).
c(252, me(92,15,1)).
c(252, me(91,11,5)).
c(252, me(89,7,9)).
c(252, me(88,3,6)).
c(253, me(0,20,6)).
c(253, me(96,26,7)).
c(253, me(97,2,7)).
c(253, me(3,27,5)).
c(253, me(95,22,8)).
c(253, me(2,1,9)).
c(253, me(94,18,4)).
c(253, me(92,14,1)).
c(253, me(91,10,5)).
c(253, me(89,6,9)).
c(253, me(88,2,6)).
c(254, de(96)).
c(254, de(97)).
c(254, me(0,20,5)).
c(254, me(3,27,4)).
c(254, me(95,21,8)).
c(254, me(94,17,4)).
c(254, me(92,13,1)).
c(254, me(91,9,5)).
c(254, me(89,5,9)).
c(254, me(88,1,6)).
c(255, me(0,20,6)).
c(255, me(2,1,8)).
c(255, me(3,27,3)).
c(255, me(95,20,8)).
c(255, me(94,16,4)).
c(255, me(92,12,1)).
c(255, me(91,8,5)).
c(255, me(89,4,9)).
c(255, me(88,0,6)).
c(256, cge(98,mortal,l(27,3),ap(<,bold,red,default))).
c(256, de(88)).
c(256, me(0,20,5)).
c(256, me(2,1,7)).
c(256, me(3,27,2)).
c(256, me(95,19,8)).
c(256, me(94,15,4)).
c(256, me(92,11,1)).
c(256, me(91,7,5)).
c(256, me(89,3,9)).
c(257, me(0,20,6)).
c(257, me(98,26,3)).
c(257, me(2,1,6)).
c(257, me(3,27,1)).
c(257, me(95,18,8)).
c(257, me(94,14,4)).
c(257, me(92,10,1)).
c(257, me(91,6,5)).
c(257, me(89,2,9)).
c(258, de(98)).
c(258, me(0,20,5)).
c(258, me(2,1,5)).
c(258, me(95,17,8)).
c(258, me(94,13,4)).
c(258, me(92,9,1)).
c(258, me(91,5,5)).
c(258, me(89,1,9)).
c(259, me(0,20,6)).
c(259, me(3,27,2)).
c(259, me(2,1,4)).
c(259, me(95,16,8)).
c(259, me(94,12,4)).
c(259, me(92,8,1)).
c(259, me(91,4,5)).
c(259, me(89,0,9)).
c(260, cge(99,mortal,l(27,2),ap(<,bold,red,default))).
c(260, de(89)).
c(260, me(0,20,5)).
c(260, me(3,27,3)).
c(260, me(2,1,3)).
c(260, me(95,15,8)).
c(260, me(94,11,4)).
c(260, me(92,7,1)).
c(260, me(91,3,5)).
c(261, cge(100,mortal,l(1,3),ap(>,bold,red,default))).
c(261, me(0,20,6)).
c(261, me(99,26,2)).
c(261, me(3,27,4)).
c(261, me(2,1,2)).
c(261, me(95,14,8)).
c(261, me(94,10,4)).
c(261, me(92,6,1)).
c(261, me(91,2,5)).
c(262, me(0,20,5)).
c(262, me(100,2,3)).
c(262, me(99,25,2)).
c(262, me(3,27,5)).
c(262, me(2,1,1)).
c(262, me(95,13,8)).
c(262, me(94,9,4)).
c(262, me(92,5,1)).
c(262, me(91,1,5)).
c(263, de(100)).
c(263, me(0,20,6)).
c(263, me(99,24,2)).
c(263, me(3,27,6)).
c(263, me(95,12,8)).
c(263, me(94,8,4)).
c(263, me(92,4,1)).
c(263, me(91,0,5)).
c(264, cge(101,mortal,l(27,6),ap(<,bold,red,default))).
c(264, de(91)).
c(264, me(0,20,5)).
c(264, me(2,1,2)).
c(264, me(99,23,2)).
c(264, me(3,27,7)).
c(264, me(95,11,8)).
c(264, me(94,7,4)).
c(264, me(92,3,1)).
c(265, me(0,20,6)).
c(265, me(101,26,6)).
c(265, me(2,1,3)).
c(265, me(99,22,2)).
c(265, me(3,27,8)).
c(265, me(95,10,8)).
c(265, me(94,6,4)).
c(265, me(92,2,1)).
c(266, me(0,20,5)).
c(266, me(101,25,6)).
c(266, me(2,1,4)).
c(266, me(99,21,2)).
c(266, me(3,27,9)).
c(266, me(95,9,8)).
c(266, me(94,5,4)).
c(266, me(92,1,1)).
c(267, me(0,20,6)).
c(267, me(101,24,6)).
c(267, me(2,1,5)).
c(267, me(99,20,2)).
c(267, me(95,8,8)).
c(267, me(94,4,4)).
c(267, me(92,0,1)).
c(268, cge(102,mortal,l(27,9),ap(<,bold,red,default))).
c(268, de(92)).
c(268, me(0,20,5)).
c(268, me(3,27,8)).
c(268, me(101,23,6)).
c(268, me(2,1,6)).
c(268, me(99,19,2)).
c(268, me(95,7,8)).
c(268, me(94,3,4)).
c(269, me(0,20,6)).
c(269, me(102,26,9)).
c(269, me(3,27,7)).
c(269, me(101,22,6)).
c(269, me(2,1,7)).
c(269, me(99,18,2)).
c(269, me(95,6,8)).
c(269, me(94,2,4)).
c(270, cge(103,mortal,l(1,7),ap(>,bold,red,default))).
c(270, me(0,20,5)).
c(270, me(102,25,9)).
c(270, me(3,27,6)).
c(270, me(101,21,6)).
c(270, me(2,1,8)).
c(270, me(99,17,2)).
c(270, me(95,5,8)).
c(270, me(94,1,4)).
c(271, um(21,5,' ')).
c(271, me(0,21,5)).
c(271, me(103,2,7)).
c(271, me(102,24,9)).
c(271, me(3,27,5)).
c(271, me(101,20,6)).
c(271, me(2,1,9)).
c(271, me(99,16,2)).
c(271, me(95,4,8)).
c(271, me(94,0,4)).
c(272, de(103)).
c(272, cge(104,mortal,l(27,5),ap(<,bold,red,default))).
c(272, de(94)).
c(272, me(0,21,5)).
c(272, me(102,23,9)).
c(272, me(3,27,4)).
c(272, me(101,19,6)).
c(272, me(99,15,2)).
c(272, me(95,3,8)).
c(273, um(21,4,' ')).
c(273, me(0,21,4)).
c(273, me(2,1,8)).
c(273, me(104,26,5)).
c(273, me(102,22,9)).
c(273, me(3,27,3)).
c(273, me(101,18,6)).
c(273, me(99,14,2)).
c(273, me(95,2,8)).
c(274, um(22,4,' ')).
c(274, me(0,22,4)).
c(274, me(2,1,7)).
c(274, me(104,25,5)).
c(274, me(102,21,9)).
c(274, me(3,27,2)).
c(274, me(101,17,6)).
c(274, me(99,13,2)).
c(274, me(95,1,8)).
c(275, um(22,5,' ')).
c(275, me(0,22,5)).
c(275, me(2,1,6)).
c(275, me(104,24,5)).
c(275, me(102,20,9)).
c(275, me(3,27,1)).
c(275, me(101,16,6)).
c(275, me(99,12,2)).
c(275, me(95,0,8)).
c(276, cge(105,mortal,l(27,1),ap(<,bold,red,default))).
c(276, de(95)).
c(276, um(22,6,' ')).
c(276, me(0,22,6)).
c(276, me(2,1,5)).
c(276, me(104,23,5)).
c(276, me(102,19,9)).
c(276, me(101,15,6)).
c(276, me(99,11,2)).
c(277, me(0,22,6)).
c(277, me(3,27,2)).
c(277, me(105,26,1)).
c(277, me(2,1,4)).
c(277, me(104,22,5)).
c(277, me(102,18,9)).
c(277, me(101,14,6)).
c(277, me(99,10,2)).
c(278, um(21,6,' ')).
c(278, me(0,21,6)).
c(278, me(3,27,3)).
c(278, me(105,25,1)).
c(278, me(2,1,3)).
c(278, me(104,21,5)).
c(278, me(102,17,9)).
c(278, me(101,13,6)).
c(278, me(99,9,2)).
c(279, cge(106,mortal,l(1,3),ap(>,bold,red,default))).
c(279, me(0,22,6)).
c(279, me(3,27,4)).
c(279, me(105,24,1)).
c(279, me(2,1,2)).
c(279, me(104,20,5)).
c(279, me(102,16,9)).
c(279, me(101,12,6)).
c(279, me(99,8,2)).
c(280, cge(107,mortal,l(27,4),ap(<,bold,red,default))).
c(280, me(0,22,5)).
c(280, me(106,2,3)).
c(280, me(3,27,5)).
c(280, me(105,23,1)).
c(280, me(2,1,1)).
c(280, me(104,19,5)).
c(280, me(102,15,9)).
c(280, me(101,11,6)).
c(280, me(99,7,2)).
c(281, de(106)).
c(281, me(0,22,6)).
c(281, me(107,26,4)).
c(281, me(3,27,6)).
c(281, me(105,22,1)).
c(281, me(104,18,5)).
c(281, me(102,14,9)).
c(281, me(101,10,6)).
c(281, me(99,6,2)).
c(282, me(0,22,5)).
c(282, me(2,1,2)).
c(282, me(107,25,4)).
c(282, me(3,27,7)).
c(282, me(105,21,1)).
c(282, me(104,17,5)).
c(282, me(102,13,9)).
c(282, me(101,9,6)).
c(282, me(99,5,2)).
c(283, me(0,22,6)).
c(283, me(2,1,3)).
c(283, me(107,24,4)).
c(283, me(3,27,8)).
c(283, me(105,20,1)).
c(283, me(104,16,5)).
c(283, me(102,12,9)).
c(283, me(101,8,6)).
c(283, me(99,4,2)).
c(284, cge(108,mortal,l(27,8),ap(<,bold,red,default))).
c(284, me(0,22,5)).
c(284, me(2,1,4)).
c(284, me(107,23,4)).
c(284, me(3,27,9)).
c(284, me(105,19,1)).
c(284, me(104,15,5)).
c(284, me(102,11,9)).
c(284, me(101,7,6)).
c(284, me(99,3,2)).
c(285, me(0,22,6)).
c(285, me(108,26,8)).
c(285, me(2,1,5)).
c(285, me(107,22,4)).
c(285, me(105,18,1)).
c(285, me(104,14,5)).
c(285, me(102,10,9)).
c(285, me(101,6,6)).
c(285, me(99,2,2)).
c(286, me(0,22,5)).
c(286, me(3,27,8)).
c(286, me(108,25,8)).
c(286, me(2,1,6)).
c(286, me(107,21,4)).
c(286, me(105,17,1)).
c(286, me(104,13,5)).
c(286, me(102,9,9)).
c(286, me(101,5,6)).
c(286, me(99,1,2)).
c(287, me(0,22,6)).
c(287, me(3,27,7)).
c(287, me(108,24,8)).
c(287, me(2,1,7)).
c(287, me(107,20,4)).
c(287, me(105,16,1)).
c(287, me(104,12,5)).
c(287, me(102,8,9)).
c(287, me(101,4,6)).
c(287, me(99,0,2)).
c(288, cge(109,mortal,l(27,7),ap(<,bold,red,default))).
c(288, cge(110,mortal,l(1,7),ap(>,bold,red,default))).
c(288, de(99)).
c(288, me(0,22,5)).
c(288, me(3,27,6)).
c(288, me(108,23,8)).
c(288, me(2,1,8)).
c(288, me(107,19,4)).
c(288, me(105,15,1)).
c(288, me(104,11,5)).
c(288, me(102,7,9)).
c(288, me(101,3,6)).
c(289, me(0,22,6)).
c(289, me(109,26,7)).
c(289, me(110,2,7)).
c(289, me(3,27,5)).
c(289, me(108,22,8)).
c(289, me(2,1,9)).
c(289, me(107,18,4)).
c(289, me(105,14,1)).
c(289, me(104,10,5)).
c(289, me(102,6,9)).
c(289, me(101,2,6)).
c(290, de(109)).
c(290, de(110)).
c(290, me(0,22,5)).
c(290, me(3,27,4)).
c(290, me(108,21,8)).
c(290, me(107,17,4)).
c(290, me(105,13,1)).
c(290, me(104,9,5)).
c(290, me(102,5,9)).
c(290, me(101,1,6)).
c(291, me(0,22,6)).
c(291, me(2,1,8)).
c(291, me(3,27,3)).
c(291, me(108,20,8)).
c(291, me(107,16,4)).
c(291, me(105,12,1)).
c(291, me(104,8,5)).
c(291, me(102,4,9)).
c(291, me(101,0,6)).
c(292, cge(111,mortal,l(27,3),ap(<,bold,red,default))).
c(292, de(101)).
c(292, me(0,22,5)).
c(292, me(2,1,7)).
c(292, me(3,27,2)).
c(292, me(108,19,8)).
c(292, me(107,15,4)).
c(292, me(105,11,1)).
c(292, me(104,7,5)).
c(292, me(102,3,9)).
c(293, me(0,22,6)).
c(293, me(111,26,3)).
c(293, me(2,1,6)).
c(293, me(3,27,1)).
c(293, me(108,18,8)).
c(293, me(107,14,4)).
c(293, me(105,10,1)).
c(293, me(104,6,5)).
c(293, me(102,2,9)).
c(294, de(111)).
c(294, me(0,22,5)).
c(294, me(2,1,5)).
c(294, me(108,17,8)).
c(294, me(107,13,4)).
c(294, me(105,9,1)).
c(294, me(104,5,5)).
c(294, me(102,1,9)).
c(295, me(0,22,6)).
c(295, me(3,27,2)).
c(295, me(2,1,4)).
c(295, me(108,16,8)).
c(295, me(107,12,4)).
c(295, me(105,8,1)).
c(295, me(104,4,5)).
c(295, me(102,0,9)).
c(296, cge(112,mortal,l(27,2),ap(<,bold,red,default))).
c(296, de(102)).
c(296, me(0,22,5)).
c(296, me(3,27,3)).
c(296, me(2,1,3)).
c(296, me(108,15,8)).
c(296, me(107,11,4)).
c(296, me(105,7,1)).
c(296, me(104,3,5)).
c(297, cge(113,mortal,l(1,3),ap(>,bold,red,default))).
c(297, me(0,22,6)).
c(297, me(112,26,2)).
c(297, me(3,27,4)).
c(297, me(2,1,2)).
c(297, me(108,14,8)).
c(297, me(107,10,4)).
c(297, me(105,6,1)).
c(297, me(104,2,5)).
c(298, me(0,22,5)).
c(298, me(113,2,3)).
c(298, me(112,25,2)).
c(298, me(3,27,5)).
c(298, me(2,1,1)).
c(298, me(108,13,8)).
c(298, me(107,9,4)).
c(298, me(105,5,1)).
c(298, me(104,1,5)).
c(299, de(113)).
c(299, me(0,22,6)).
c(299, me(112,24,2)).
c(299, me(3,27,6)).
c(299, me(108,12,8)).
c(299, me(107,8,4)).
c(299, me(105,4,1)).
c(299, me(104,0,5)).
c(300, cge(114,mortal,l(27,6),ap(<,bold,red,default))).
c(300, de(104)).
c(300, me(0,22,5)).
c(300, me(2,1,2)).
c(300, me(112,23,2)).
c(300, me(3,27,7)).
c(300, me(108,11,8)).
c(300, me(107,7,4)).
c(300, me(105,3,1)).
c(301, me(0,22,6)).
c(301, me(114,26,6)).
c(301, me(2,1,3)).
c(301, me(112,22,2)).
c(301, me(3,27,8)).
c(301, me(108,10,8)).
c(301, me(107,6,4)).
c(301, me(105,2,1)).
c(302, me(0,22,5)).
c(302, me(114,25,6)).
c(302, me(2,1,4)).
c(302, me(112,21,2)).
c(302, me(3,27,9)).
c(302, me(108,9,8)).
c(302, me(107,5,4)).
c(302, me(105,1,1)).
c(303, me(0,22,6)).
c(303, me(114,24,6)).
c(303, me(2,1,5)).
c(303, me(112,20,2)).
c(303, me(108,8,8)).
c(303, me(107,4,4)).
c(303, me(105,0,1)).
c(304, cge(115,mortal,l(27,9),ap(<,bold,red,default))).
c(304, de(105)).
c(304, me(0,22,5)).
c(304, me(3,27,8)).
c(304, me(114,23,6)).
c(304, me(2,1,6)).
c(304, me(112,19,2)).
c(304, me(108,7,8)).
c(304, me(107,3,4)).
c(305, um(23,5,' ')).
c(305, me(0,23,5)).
c(305, me(115,26,9)).
c(305, me(3,27,7)).
c(305, me(114,22,6)).
c(305, me(2,1,7)).
c(305, me(112,18,2)).
c(305, me(108,6,8)).
c(305, me(107,2,4)).
c(306, cge(116,mortal,l(1,7),ap(>,bold,red,default))).
c(306, me(0,23,5)).
c(306, me(115,25,9)).
c(306, me(3,27,6)).
c(306, me(114,21,6)).
c(306, me(2,1,8)).
c(306, me(112,17,2)).
c(306, me(108,5,8)).
c(306, me(107,1,4)).
c(307, um(23,4,' ')).
c(307, me(0,23,4)).
c(307, me(116,2,7)).
c(307, me(115,24,9)).
c(307, me(3,27,5)).
c(307, me(114,20,6)).
c(307, me(2,1,9)).
c(307, me(112,16,2)).
c(307, me(108,4,8)).
c(307, me(107,0,4)).
c(308, de(116)).
c(308, cge(117,mortal,l(27,5),ap(<,bold,red,default))).
c(308, de(107)).
c(308, um(24,4,' ')).
c(308, me(0,24,4)).
c(308, me(115,23,9)).
c(308, me(3,27,4)).
c(308, me(114,19,6)).
c(308, me(112,15,2)).
c(308, me(108,3,8)).
c(309, um(24,5,' ')).
c(309, me(0,24,5)).
c(309, me(2,1,8)).
c(309, me(117,26,5)).
c(309, me(115,22,9)).
c(309, me(3,27,3)).
c(309, me(114,18,6)).
c(309, me(112,14,2)).
c(309, me(108,2,8)).
c(310, um(24,6,' ')).
c(310, me(0,24,6)).
c(310, me(2,1,7)).
c(310, me(117,25,5)).
c(310, me(115,21,9)).
c(310, me(3,27,2)).
c(310, me(114,17,6)).
c(310, me(112,13,2)).
c(310, me(108,1,8)).
c(311, me(0,24,6)).
c(311, me(2,1,6)).
c(311, me(117,24,5)).
c(311, me(115,20,9)).
c(311, me(3,27,1)).
c(311, me(114,16,6)).
c(311, me(112,12,2)).
c(311, me(108,0,8)).
c(312, cge(118,mortal,l(27,1),ap(<,bold,red,default))).
c(312, de(108)).
c(312, um(23,6,' ')).
c(312, me(0,23,6)).
c(312, me(2,1,5)).
c(312, me(117,23,5)).
c(312, me(115,19,9)).
c(312, me(114,15,6)).
c(312, me(112,11,2)).
c(313, me(0,24,6)).
c(313, me(3,27,2)).
c(313, me(118,26,1)).
c(313, me(2,1,4)).
c(313, me(117,22,5)).
c(313, me(115,18,9)).
c(313, me(114,14,6)).
c(313, me(112,10,2)).
c(314, me(0,24,5)).
c(314, me(3,27,3)).
c(314, me(118,25,1)).
c(314, me(2,1,3)).
c(314, me(117,21,5)).
c(314, me(115,17,9)).
c(314, me(114,13,6)).
c(314, me(112,9,2)).
c(315, cge(119,mortal,l(1,3),ap(>,bold,red,default))).
c(315, me(0,24,6)).
c(315, me(3,27,4)).
c(315, me(118,24,1)).
c(315, me(2,1,2)).
c(315, me(117,20,5)).
c(315, me(115,16,9)).
c(315, me(114,12,6)).
c(315, me(112,8,2)).
c(316, cge(120,mortal,l(27,4),ap(<,bold,red,default))).
c(316, me(0,24,5)).
c(316, me(119,2,3)).
c(316, me(3,27,5)).
c(316, me(118,23,1)).
c(316, me(2,1,1)).
c(316, me(117,19,5)).
c(316, me(115,15,9)).
c(316, me(114,11,6)).
c(316, me(112,7,2)).
c(317, de(119)).
c(317, me(0,24,6)).
c(317, me(120,26,4)).
c(317, me(3,27,6)).
c(317, me(118,22,1)).
c(317, me(117,18,5)).
c(317, me(115,14,9)).
c(317, me(114,10,6)).
c(317, me(112,6,2)).
c(318, me(0,24,5)).
c(318, me(2,1,2)).
c(318, me(120,25,4)).
c(318, me(3,27,7)).
c(318, me(118,21,1)).
c(318, me(117,17,5)).
c(318, me(115,13,9)).
c(318, me(114,9,6)).
c(318, me(112,5,2)).
c(319, me(0,24,6)).
c(319, me(2,1,3)).
c(319, me(120,24,4)).
c(319, me(3,27,8)).
c(319, me(118,20,1)).
c(319, me(117,16,5)).
c(319, me(115,12,9)).
c(319, me(114,8,6)).
c(319, me(112,4,2)).
c(320, cge(121,mortal,l(27,8),ap(<,bold,red,default))).
c(320, me(0,24,5)).
c(320, me(2,1,4)).
c(320, me(120,23,4)).
c(320, me(3,27,9)).
c(320, me(118,19,1)).
c(320, me(117,15,5)).
c(320, me(115,11,9)).
c(320, me(114,7,6)).
c(320, me(112,3,2)).
c(321, me(0,24,6)).
c(321, me(121,26,8)).
c(321, me(2,1,5)).
c(321, me(120,22,4)).
c(321, me(118,18,1)).
c(321, me(117,14,5)).
c(321, me(115,10,9)).
c(321, me(114,6,6)).
c(321, me(112,2,2)).
c(322, me(0,24,5)).
c(322, me(3,27,8)).
c(322, me(121,25,8)).
c(322, me(2,1,6)).
c(322, me(120,21,4)).
c(322, me(118,17,1)).
c(322, me(117,13,5)).
c(322, me(115,9,9)).
c(322, me(114,5,6)).
c(322, me(112,1,2)).
c(323, me(0,24,6)).
c(323, me(3,27,7)).
c(323, me(121,24,8)).
c(323, me(2,1,7)).
c(323, me(120,20,4)).
c(323, me(118,16,1)).
c(323, me(117,12,5)).
c(323, me(115,8,9)).
c(323, me(114,4,6)).
c(323, me(112,0,2)).
c(324, cge(122,mortal,l(27,7),ap(<,bold,red,default))).
c(324, cge(123,mortal,l(1,7),ap(>,bold,red,default))).
c(324, de(112)).
c(324, me(0,24,5)).
c(324, me(3,27,6)).
c(324, me(121,23,8)).
c(324, me(2,1,8)).
c(324, me(120,19,4)).
c(324, me(118,15,1)).
c(324, me(117,11,5)).
c(324, me(115,7,9)).
c(324, me(114,3,6)).
c(325, me(0,24,6)).
c(325, me(122,26,7)).
c(325, me(123,2,7)).
c(325, me(3,27,5)).
c(325, me(121,22,8)).
c(325, me(2,1,9)).
c(325, me(120,18,4)).
c(325, me(118,14,1)).
c(325, me(117,10,5)).
c(325, me(115,6,9)).
c(325, me(114,2,6)).
c(326, de(122)).
c(326, de(123)).
c(326, me(0,24,5)).
c(326, me(3,27,4)).
c(326, me(121,21,8)).
c(326, me(120,17,4)).
c(326, me(118,13,1)).
c(326, me(117,9,5)).
c(326, me(115,5,9)).
c(326, me(114,1,6)).
c(327, me(0,24,6)).
c(327, me(2,1,8)).
c(327, me(3,27,3)).
c(327, me(121,20,8)).
c(327, me(120,16,4)).
c(327, me(118,12,1)).
c(327, me(117,8,5)).
c(327, me(115,4,9)).
c(327, me(114,0,6)).
c(328, cge(124,mortal,l(27,3),ap(<,bold,red,default))).
c(328, de(114)).
c(328, me(0,24,5)).
c(328, me(2,1,7)).
c(328, me(3,27,2)).
c(328, me(121,19,8)).
c(328, me(120,15,4)).
c(328, me(118,11,1)).
c(328, me(117,7,5)).
c(328, me(115,3,9)).
c(329, me(0,24,6)).
c(329, me(124,26,3)).
c(329, me(2,1,6)).
c(329, me(3,27,1)).
c(329, me(121,18,8)).
c(329, me(120,14,4)).
c(329, me(118,10,1)).
c(329, me(117,6,5)).
c(329, me(115,2,9)).
c(330, de(124)).
c(330, me(0,24,5)).
c(330, me(2,1,5)).
c(330, me(121,17,8)).
c(330, me(120,13,4)).
c(330, me(118,9,1)).
c(330, me(117,5,5)).
c(330, me(115,1,9)).
c(331, me(0,24,6)).
c(331, me(3,27,2)).
c(331, me(2,1,4)).
c(331, me(121,16,8)).
c(331, me(120,12,4)).
c(331, me(118,8,1)).
c(331, me(117,4,5)).
c(331, me(115,0,9)).
c(332, cge(125,mortal,l(27,2),ap(<,bold,red,default))).
c(332, de(115)).
c(332, me(0,24,5)).
c(332, me(3,27,3)).
c(332, me(2,1,3)).
c(332, me(121,15,8)).
c(332, me(120,11,4)).
c(332, me(118,7,1)).
c(332, me(117,3,5)).
c(333, cge(126,mortal,l(1,3),ap(>,bold,red,default))).
c(333, me(0,24,6)).
c(333, me(125,26,2)).
c(333, me(3,27,4)).
c(333, me(2,1,2)).
c(333, me(121,14,8)).
c(333, me(120,10,4)).
c(333, me(118,6,1)).
c(333, me(117,2,5)).
c(334, me(0,24,5)).
c(334, me(126,2,3)).
c(334, me(125,25,2)).
c(334, me(3,27,5)).
c(334, me(2,1,1)).
c(334, me(121,13,8)).
c(334, me(120,9,4)).
c(334, me(118,5,1)).
c(334, me(117,1,5)).
c(335, de(126)).
c(335, me(0,24,6)).
c(335, me(125,24,2)).
c(335, me(3,27,6)).
c(335, me(121,12,8)).
c(335, me(120,8,4)).
c(335, me(118,4,1)).
c(335, me(117,0,5)).
c(336, cge(127,mortal,l(27,6),ap(<,bold,red,default))).
c(336, de(117)).
c(336, me(0,24,5)).
c(336, me(2,1,2)).
c(336, me(125,23,2)).
c(336, me(3,27,7)).
c(336, me(121,11,8)).
c(336, me(120,7,4)).
c(336, me(118,3,1)).
c(337, me(0,24,6)).
c(337, me(127,26,6)).
c(337, me(2,1,3)).
c(337, me(125,22,2)).
c(337, me(3,27,8)).
c(337, me(121,10,8)).
c(337, me(120,6,4)).
c(337, me(118,2,1)).
c(338, me(0,24,5)).
c(338, me(127,25,6)).
c(338, me(2,1,4)).
c(338, me(125,21,2)).
c(338, me(3,27,9)).
c(338, me(121,9,8)).
c(338, me(120,5,4)).
c(338, me(118,1,1)).
c(339, um(25,5,' ')).
c(339, me(0,25,5)).
c(339, me(127,24,6)).
c(339, me(2,1,5)).
c(339, me(125,20,2)).
c(339, me(121,8,8)).
c(339, me(120,4,4)).
c(339, me(118,0,1)).
c(340, cge(128,mortal,l(27,9),ap(<,bold,red,default))).
c(340, de(118)).
c(340, me(0,25,5)).
c(340, me(3,27,8)).
c(340, me(127,23,6)).
c(340, me(2,1,6)).
c(340, me(125,19,2)).
c(340, me(121,7,8)).
c(340, me(120,3,4)).
c(341, um(25,4,' ')).
c(341, me(0,25,4)).
c(341, me(128,26,9)).
c(341, me(3,27,7)).
c(341, me(127,22,6)).
c(341, me(2,1,7)).
c(341, me(125,18,2)).
c(341, me(121,6,8)).
c(341, me(120,2,4)).
c(342, cge(129,mortal,l(1,7),ap(>,bold,red,default))).
c(342, um(26,4,' ')).
c(342, me(0,26,4)).
c(342, me(128,25,9)).
c(342, me(3,27,6)).
c(342, me(127,21,6)).
c(342, me(2,1,8)).
c(342, me(125,17,2)).
c(342, me(121,5,8)).
c(342, me(120,1,4)).
c(343, um(26,5,' ')).
c(343, me(0,26,5)).
c(343, me(129,2,7)).
c(343, me(128,24,9)).
c(343, me(3,27,5)).
c(343, me(127,20,6)).
c(343, me(2,1,9)).
c(343, me(125,16,2)).
c(343, me(121,4,8)).
c(343, me(120,0,4)).
c(344, de(129)).
c(344, cge(130,mortal,l(27,5),ap(<,bold,red,default))).
c(344, de(120)).
c(344, um(26,6,' ')).
c(344, me(0,26,6)).
c(344, me(128,23,9)).
c(344, me(3,27,4)).
c(344, me(127,19,6)).
c(344, me(125,15,2)).
c(344, me(121,3,8)).
c(345, me(0,26,6)).
c(345, me(2,1,8)).
c(345, me(130,26,5)).
c(345, me(128,22,9)).
c(345, me(3,27,3)).
c(345, me(127,18,6)).
c(345, me(125,14,2)).
c(345, me(121,2,8)).
c(346, um(25,6,' ')).
c(346, me(0,25,6)).
c(346, me(2,1,7)).
c(346, me(130,25,5)).
c(346, me(128,21,9)).
c(346, me(3,27,2)).
c(346, me(127,17,6)).
c(346, me(125,13,2)).
c(346, me(121,1,8)).
c(347, me(0,26,6)).
c(347, me(2,1,6)).
c(347, me(130,24,5)).
c(347, me(128,20,9)).
c(347, me(3,27,1)).
c(347, me(127,16,6)).
c(347, me(125,12,2)).
c(347, me(121,0,8)).
c(348, cge(131,mortal,l(27,1),ap(<,bold,red,default))).
c(348, de(121)).
c(348, me(0,27,6)).
c(348, me(2,1,5)).
c(348, me(130,23,5)).
c(348, me(128,19,9)).
c(348, me(127,15,6)).
c(348, me(125,11,2)).
c(349, me(0,27,7)).
c(349, me(3,27,2)).
c(349, me(131,26,1)).
c(349, me(2,1,4)).
c(349, me(130,22,5)).
c(349, me(128,18,9)).
c(349, me(127,14,6)).
c(349, me(125,10,2)).
c(350, me(0,27,8)).
c(350, me(3,27,3)).
c(350, me(131,25,1)).
c(350, me(2,1,3)).
c(350, me(130,21,5)).
c(350, me(128,17,9)).
c(350, me(127,13,6)).
c(350, me(125,9,2)).
c(351, cge(132,mortal,l(1,3),ap(>,bold,red,default))).
c(351, um(26,8,' ')).
c(351, me(0,26,8)).
c(351, me(3,27,4)).
c(351, me(131,24,1)).
c(351, me(2,1,2)).
c(351, me(130,20,5)).
c(351, me(128,16,9)).
c(351, me(127,12,6)).
c(351, me(125,8,2)).
c(352, cge(133,mortal,l(27,4),ap(<,bold,red,default))).
c(352, um(26,9,' ')).
c(352, me(0,26,9)).
c(352, me(132,2,3)).
c(352, me(3,27,5)).
c(352, me(131,23,1)).
c(352, me(2,1,1)).
c(352, me(130,19,5)).
c(352, me(128,15,9)).
c(352, me(127,11,6)).
c(352, me(125,7,2)).
c(353, de(132)).
c(353, um(25,9,' ')).
c(353, me(0,25,9)).
c(353, me(133,26,4)).
c(353, me(3,27,6)).
c(353, me(131,22,1)).
c(353, me(130,18,5)).
c(353, me(128,14,9)).
c(353, me(127,10,6)).
c(353, me(125,6,2)).
c(354, um(25,8,' ')).
c(354, me(0,25,8)).
c(354, me(2,1,2)).
c(354, me(133,25,4)).
c(354, me(3,27,7)).
c(354, me(131,21,1)).
c(354, me(130,17,5)).
c(354, me(128,13,9)).
c(354, me(127,9,6)).
c(354, me(125,5,2)).
c(355, me(0,25,9)).
c(355, me(2,1,3)).
c(355, me(133,24,4)).
c(355, me(3,27,8)).
c(355, me(131,20,1)).
c(355, me(130,16,5)).
c(355, me(128,12,9)).
c(355, me(127,8,6)).
c(355, me(125,4,2)).
c(356, cge(134,mortal,l(27,8),ap(<,bold,red,default))).
c(356, um(24,9,' ')).
c(356, me(0,24,9)).
c(356, me(2,1,4)).
c(356, me(133,23,4)).
c(356, me(3,27,9)).
c(356, me(131,19,1)).
c(356, me(130,15,5)).
c(356, me(128,11,9)).
c(356, me(127,7,6)).
c(356, me(125,3,2)).
c(357, um(24,8,' ')).
c(357, me(0,24,8)).
c(357, me(134,26,8)).
c(357, me(2,1,5)).
c(357, me(133,22,4)).
c(357, me(131,18,1)).
c(357, me(130,14,5)).
c(357, me(128,10,9)).
c(357, me(127,6,6)).
c(357, me(125,2,2)).
c(358, me(0,24,9)).
c(358, me(3,27,8)).
c(358, me(134,25,8)).
c(358, me(2,1,6)).
c(358, me(133,21,4)).
c(358, me(131,17,1)).
c(358, me(130,13,5)).
c(358, me(128,9,9)).
c(358, me(127,5,6)).
c(358, me(125,1,2)).
c(359, me(0,24,9)).
c(359, me(3,27,7)).
c(359, me(134,24,8)).
c(359, me(2,1,7)).
c(359, me(133,20,4)).
c(359, me(131,16,1)).
c(359, me(130,12,5)).
c(359, me(128,8,9)).
c(359, me(127,4,6)).
c(359, me(125,0,2)).
c(360, cge(135,mortal,l(27,7),ap(<,bold,red,default))).
c(360, cge(136,mortal,l(1,7),ap(>,bold,red,default))).
c(360, de(125)).
c(360, me(0,25,9)).
c(360, me(3,27,6)).
c(360, me(134,23,8)).
c(360, me(2,1,8)).
c(360, me(133,19,4)).
c(360, me(131,15,1)).
c(360, me(130,11,5)).
c(360, me(128,7,9)).
c(360, me(127,3,6)).
c(361, me(0,26,9)).
c(361, me(135,26,7)).
c(361, me(136,2,7)).
c(361, me(3,27,5)).
c(361, me(134,22,8)).
c(361, me(2,1,9)).
c(361, me(133,18,4)).
c(361, me(131,14,1)).
c(361, me(130,10,5)).
c(361, me(128,6,9)).
c(361, me(127,2,6)).
c(362, de(135)).
c(362, de(136)).
c(362, me(0,27,9)).
c(362, me(3,27,4)).
c(362, me(134,21,8)).
c(362, me(133,17,4)).
c(362, me(131,13,1)).
c(362, me(130,9,5)).
c(362, me(128,5,9)).
c(362, me(127,1,6)).
c(363, me(0,26,9)).
c(363, me(2,1,8)).
c(363, me(3,27,3)).
c(363, me(134,20,8)).
c(363, me(133,16,4)).
c(363, me(131,12,1)).
c(363, me(130,8,5)).
c(363, me(128,4,9)).
c(363, me(127,0,6)).
c(364, cge(137,mortal,l(27,3),ap(<,bold,red,default))).
c(364, de(127)).
c(364, me(0,27,9)).
c(364, me(2,1,7)).
c(364, me(3,27,2)).
c(364, me(134,19,8)).
c(364, me(133,15,4)).
c(364, me(131,11,1)).
c(364, me(130,7,5)).
c(364, me(128,3,9)).
c(365, w(1)).
c(365, w(' ')).
c(365, w('ADVERTENCIA')).
c(365, w(': ')).
c(365, w('Tu personaje ha intentado moverse hacia una posicin que est ocupada por un objecto solido!')).
c(365, w('\n')).
c(365, me(137,26,3)).
c(365, me(2,1,6)).
c(365, me(3,27,1)).
c(365, me(134,18,8)).
c(365, me(133,14,4)).
c(365, me(131,10,1)).
c(365, me(130,6,5)).
c(365, me(128,2,9)).
c(366, de(137)).
c(366, w(2)).
c(366, w(' ')).
c(366, w('ADVERTENCIA')).
c(366, w(': ')).
c(366, w('Tu personaje ha intentado moverse hacia una posicin que est ocupada por un objecto solido!')).
c(366, w('\n')).
c(366, me(2,1,5)).
c(366, me(134,17,8)).
c(366, me(133,13,4)).
c(366, me(131,9,1)).
c(366, me(130,5,5)).
c(366, me(128,1,9)).
c(367, w(3)).
c(367, w(' ')).
c(367, w('ADVERTENCIA')).
c(367, w(': ')).
c(367, w('Tu personaje ha intentado moverse hacia una posicin que est ocupada por un objecto solido!')).
c(367, w('\n')).
c(367, me(3,27,2)).
c(367, me(2,1,4)).
c(367, me(134,16,8)).
c(367, me(133,12,4)).
c(367, me(131,8,1)).
c(367, me(130,4,5)).
c(367, me(128,0,9)).
c(368, cge(138,mortal,l(27,2),ap(<,bold,red,default))).
c(368, de(128)).
c(368, w(4)).
c(368, w(' ')).
c(368, w('ADVERTENCIA')).
c(368, w(': ')).
c(368, w('Tu personaje ha intentado moverse hacia una posicin que est ocupada por un objecto solido!')).
c(368, w('\n')).
c(368, me(3,27,3)).
c(368, me(2,1,3)).
c(368, me(134,15,8)).
c(368, me(133,11,4)).
c(368, me(131,7,1)).
c(368, me(130,3,5)).
c(369, cge(139,mortal,l(1,3),ap(>,bold,red,default))).
c(369, w(5)).
c(369, w(' ')).
c(369, w('ADVERTENCIA')).
c(369, w(': ')).
c(369, w('Tu personaje ha intentado moverse hacia una posicin que est ocupada por un objecto solido!')).
c(369, w('\n')).
c(369, me(138,26,2)).
c(369, me(3,27,4)).
c(369, me(2,1,2)).
c(369, me(134,14,8)).
c(369, me(133,10,4)).
c(369, me(131,6,1)).
c(369, me(130,2,5)).
c(370, w(6)).
c(370, w(' ')).
c(370, w('ADVERTENCIA')).
c(370, w(': ')).
c(370, w('Tu personaje ha intentado moverse hacia una posicin que est ocupada por un objecto solido!')).
c(370, w('\n')).
c(370, me(139,2,3)).
c(370, me(138,25,2)).
c(370, me(3,27,5)).
c(370, me(2,1,1)).
c(370, me(134,13,8)).
c(370, me(133,9,4)).
c(370, me(131,5,1)).
c(370, me(130,1,5)).
c(371, de(139)).
c(371, w(7)).
c(371, w(' ')).
c(371, w('ADVERTENCIA')).
c(371, w(': ')).
c(371, w('Tu personaje ha intentado moverse hacia una posicin que est ocupada por un objecto solido!')).
c(371, w('\n')).
c(371, me(138,24,2)).
c(371, me(3,27,6)).
c(371, me(134,12,8)).
c(371, me(133,8,4)).
c(371, me(131,4,1)).
c(371, me(130,0,5)).
c(372, cge(140,mortal,l(27,6),ap(<,bold,red,default))).
c(372, de(130)).
c(372, w(8)).
c(372, w(' ')).
c(372, w('ADVERTENCIA')).
c(372, w(': ')).
c(372, w('Tu personaje ha intentado moverse hacia una posicin que est ocupada por un objecto solido!')).
c(372, w('\n')).
c(372, me(2,1,2)).
c(372, me(138,23,2)).
c(372, me(3,27,7)).
c(372, me(134,11,8)).
c(372, me(133,7,4)).
c(372, me(131,3,1)).
c(373, w(9)).
c(373, w(' ')).
c(373, w('ADVERTENCIA')).
c(373, w(': ')).
c(373, w('Tu personaje ha intentado moverse hacia una posicin que est ocupada por un objecto solido!')).
c(373, w('\n')).
c(373, me(140,26,6)).
c(373, me(2,1,3)).
c(373, me(138,22,2)).
c(373, me(3,27,8)).
c(373, me(134,10,8)).
c(373, me(133,6,4)).
c(373, me(131,2,1)).
c(374, w(10)).
c(374, w(' ')).
c(374, w('ADVERTENCIA')).
c(374, w(': ')).
c(374, w('Tu personaje ha intentado moverse hacia una posicin que est ocupada por un objecto solido!')).
c(374, w('\n')).
c(374, me(140,25,6)).
c(374, me(2,1,4)).
c(374, me(138,21,2)).
c(374, me(3,27,9)).
c(374, me(134,9,8)).
c(374, me(133,5,4)).
c(374, me(131,1,1)).
c(375, w(11)).
c(375, w(' ')).
c(375, w('ADVERTENCIA')).
c(375, w(': ')).
c(375, w('Tu personaje ha intentado moverse hacia una posicin que est ocupada por un objecto solido!')).
c(375, w('\n')).
c(375, me(140,24,6)).
c(375, me(2,1,5)).
c(375, me(138,20,2)).
c(375, me(134,8,8)).
c(375, me(133,4,4)).
c(375, me(131,0,1)).
c(376, cge(141,mortal,l(27,9),ap(<,bold,red,default))).
c(376, de(131)).
c(376, w(12)).
c(376, w(' ')).
c(376, w('ADVERTENCIA')).
c(376, w(': ')).
c(376, w('Tu personaje ha intentado moverse hacia una posicin que est ocupada por un objecto solido!')).
c(376, w('\n')).
c(376, me(3,27,8)).
c(376, me(140,23,6)).
c(376, me(2,1,6)).
c(376, me(138,19,2)).
c(376, me(134,7,8)).
c(376, me(133,3,4)).
c(377, w(13)).
c(377, w(' ')).
c(377, w('')).
c(377, w(': ')).
c(377, w('Oh no! Tu personaje no ha podido terminar este nivel!')).
c(377, w('\n')).
c(377, w(14)).
c(377, w(' ')).
c(377, w('')).
c(377, w(': ')).
c(377, w('Pulsa \'X\' para continuar.')).
c(377, w('\n')).
